desc: I1 cache:         32768 B, 64 B, 8-way associative
desc: D1 cache:         32768 B, 64 B, 8-way associative
desc: LL cache:         8388608 B, 64 B, 16-way associative
cmd: /home/jmgduarte/Documents/rot/target/release/rot
events: Ir I1mr ILmr Dr D1mr DLmr Dw D1mw DLmw 
fl=/build/gcc/src/gcc-build/gcc/include/cpuid.h
fn=__cpu_indicator_init@GCC_4.8.0
247 4 0 0 0 0 0 0 0 0
268 4 0 0 0 0 0 0 0 0
271 8 0 0 0 0 0 0 0 0
fl=/build/gcc/src/gcc/libgcc/config/i386/cpuinfo.c
fn=__cpu_indicator_init@GCC_4.8.0
125 2 0 0 0 0 0 0 0 0
133 7 0 0 1 1 1 0 0 0
197 2 1 1 0 0 0 1 0 0
199 1 0 0 0 0 0 0 0 0
425 3 1 1 0 0 0 2 0 0
434 4 0 0 2 2 0 0 0 0
435 1 0 0 0 0 0 0 0 0
447 2 1 1 0 0 0 0 0 0
459 3 0 0 0 0 0 0 0 0
460 3 0 0 0 0 0 0 0 0
462 3 0 0 0 0 0 0 0 0
465 2 1 1 0 0 0 0 0 0
473 2 0 0 0 0 0 0 0 0
474 2 1 1 0 0 0 0 0 0
479 2 0 0 0 0 0 1 0 0
480 1 0 0 0 0 0 1 0 0
504 2 0 0 0 0 0 0 0 0
505 4 0 0 3 0 0 0 0 0
fn=get_available_features
258 2 1 1 0 0 0 1 0 0
282 2 0 0 0 0 0 0 0 0
288 2 0 0 0 0 0 0 0 0
291 4 0 0 0 0 0 0 0 0
293 1 0 0 0 0 0 0 0 0
294 1 1 1 0 0 0 0 0 0
295 4 0 0 0 0 0 0 0 0
309 3 1 1 0 0 0 0 0 0
312 4 0 0 0 0 0 0 0 0
314 4 0 0 0 0 0 0 0 0
316 4 0 0 0 0 0 0 0 0
318 4 1 1 0 0 0 0 0 0
320 4 0 0 0 0 0 0 0 0
322 4 0 0 0 0 0 0 0 0
324 4 0 0 0 0 0 0 0 0
326 4 1 1 0 0 0 0 0 0
328 4 0 0 0 0 0 0 0 0
330 4 0 0 0 0 0 0 0 0
331 2 0 0 0 0 0 0 0 0
333 2 0 0 0 0 0 0 0 0
334 1 1 1 0 0 0 0 0 0
335 2 0 0 0 0 0 0 0 0
336 2 1 1 0 0 0 0 0 0
340 2 0 0 0 0 0 0 0 0
342 3 0 0 0 0 0 0 0 0
343 2 0 0 0 0 0 0 0 0
344 1 0 0 0 0 0 0 0 0
345 2 0 0 0 0 0 0 0 0
347 2 0 0 0 0 0 0 0 0
348 1 0 0 0 0 0 0 0 0
350 2 0 0 0 0 0 0 0 0
351 1 1 1 0 0 0 0 0 0
352 2 0 0 0 0 0 0 0 0
392 2 0 0 0 0 0 0 0 0
394 2 0 0 0 0 0 0 0 0
396 2 0 0 0 0 0 0 0 0
398 2 0 0 0 0 0 0 0 0
400 2 0 0 0 0 0 0 0 0
402 2 0 0 0 0 0 0 0 0
404 2 0 0 0 0 0 0 0 0
409 2 0 0 1 0 0 1 0 0
415 2 0 0 2 0 0 0 0 0
fl=/cargo/registry/src/github.com-1ecc6299db9ec823/compiler_builtins-0.1.14/src/probestack.rs
fn=__rust_probestack
55 7 1 1 1 0 0 0 0 0
fl=/rustc/a53f9df32fbb0b5f4382caaad8f1a46f36ea887c//src/liballoc/alloc.rs
fn=<alloc::string::String as core::clone::Clone>::clone
81 636 2 1 159 0 0 159 0 0
fn=<alloc::vec::Vec<T> as alloc::vec::SpecExtend<&T,core::slice::Iter<T>>>::spec_extend
125 4 0 0 1 0 0 1 0 0
fn=alloc::fmt::format
81 3 0 0 1 0 0 1 0 0
fl=/rustc/a53f9df32fbb0b5f4382caaad8f1a46f36ea887c//src/liballoc/borrow.rs
fn=<alloc::borrow::Cow<str> as core::ops::arith::AddAssign<&str>>::add_assign
0 32 0 0 16 0 0 0 0 0
290 16 0 0 8 0 0 0 0 0
408 80 4 2 0 0 0 48 0 0
409 8 0 0 0 0 0 0 0 0
410 18 2 1 0 0 0 18 0 0
411 2 0 0 0 0 0 0 0 0
421 64 0 0 56 0 0 0 0 0
fl=/rustc/a53f9df32fbb0b5f4382caaad8f1a46f36ea887c//src/liballoc/fmt.rs
fn=alloc::fmt::format
561 7 2 2 0 0 0 4 0 0
567 4 0 0 2 0 0 2 0 0
568 7 0 0 5 0 0 0 0 0
fl=/rustc/a53f9df32fbb0b5f4382caaad8f1a46f36ea887c//src/liballoc/raw_vec.rs
fn=<alloc::string::String as core::clone::Clone>::clone
87 318 0 0 0 0 0 0 0 0
98 318 0 0 0 0 0 0 0 0
197 159 0 0 159 0 0 0 0 0
fn=<alloc::vec::Vec<T> as alloc::vec::SpecExtend<&T,core::slice::Iter<T>>>::spec_extend
0 2 0 0 0 0 0 0 0 0
197 6 1 1 3 0 0 0 0 0
208 4 0 0 4 0 0 0 0 0
223 1 0 0 0 0 0 0 0 0
427 1 0 0 0 0 0 0 0 0
650 8 0 0 0 0 0 0 0 0
664 1 0 0 0 0 0 0 0 0
666 1 0 0 1 0 0 0 0 0
672 2 0 0 0 0 0 0 0 0
676 1 0 0 0 0 0 1 0 0
677 1 0 0 0 0 0 1 0 0
fn=alloc::fmt::format
87 2 0 0 0 0 0 0 0 0
98 2 0 0 0 0 0 0 0 0
fl=/rustc/a53f9df32fbb0b5f4382caaad8f1a46f36ea887c//src/liballoc/string.rs
fn=<alloc::string::String as core::clone::Clone>::clone
1693 954 2 1 0 0 0 795 0 0
1694 477 0 0 0 0 0 477 0 0
1695 1113 1 0 795 0 0 0 0 0
fn=alloc::fmt::format
417 5 1 1 0 0 0 4 0 0
fn=alloc::string::<impl core::convert::From<alloc::string::String> for alloc::vec::Vec<u8>>::from
2311 1 1 1 0 0 0 0 0 0
2312 4 0 0 2 0 0 2 0 0
2313 1 0 0 1 0 0 0 0 0
fn=alloc::string::String::from_utf8_lossy
0 5 1 1 1 0 0 3 0 0
555 9 2 2 0 0 0 6 0 0
556 10 0 0 2 2 0 4 0 0
558 5 0 0 3 1 0 1 0 0
560 2 0 0 0 0 0 0 0 0
562 2 0 0 0 0 0 1 0 0
585 9 1 1 7 0 0 0 0 0
fl=/rustc/a53f9df32fbb0b5f4382caaad8f1a46f36ea887c//src/liballoc/vec.rs
fn=<&mut W as core::fmt::Write>::write_str
1361 4 0 0 0 0 0 4 0 0
fn=<alloc::string::String as core::clone::Clone>::clone
1711 159 0 0 159 0 0 0 0 0
fn=<alloc::vec::Vec<T> as alloc::vec::SpecExtend<&T,core::slice::Iter<T>>>::spec_extend
457 4 0 0 4 0 0 0 0 0
821 4 0 0 0 0 0 4 0 0
1203 1 0 0 1 0 0 0 0 0
1919 32 1 1 0 0 0 20 0 0
1924 4 0 0 0 0 0 0 0 0
fl=/rustc/a53f9df32fbb0b5f4382caaad8f1a46f36ea887c//src/libcore/char/methods.rs
fn=core::num::from_str_radix
0 353 1 1 0 0 0 0 0 0
119 71 0 0 0 0 0 0 0 0
133 2 1 1 0 0 0 0 0 0
fl=/rustc/a53f9df32fbb0b5f4382caaad8f1a46f36ea887c//src/libcore/cmp.rs
fn=core::fmt::write
0 111 0 0 0 0 0 0 0 0
976 111 0 0 0 0 0 0 0 0
fn=core::slice::memchr::memchr
0 2 0 0 0 0 0 0 0 0
976 2 0 0 0 0 0 0 0 0
fn=core::str::pattern::StrSearcher::new
0 11 0 0 0 0 0 0 0 0
978 11 0 0 0 0 0 0 0 0
fl=/rustc/a53f9df32fbb0b5f4382caaad8f1a46f36ea887c//src/libcore/fmt/mod.rs
fn=<char as core::fmt::Display>::fmt
0 7 0 0 7 0 0 0 0 0
1892 42 4 1 28 0 0 0 0 0
1996 7 1 1 0 0 0 7 0 0
1997 14 0 0 0 0 0 0 0 0
fn=<str as core::fmt::Display>::fmt
1978 282 1 1 0 0 0 0 0 0
1979 188 1 1 94 0 0 0 0 0
fn=core::fmt::Formatter::pad
0 1410 1 1 940 0 0 0 0 0
1260 940 2 2 0 0 0 658 0 0
1262 188 0 0 0 0 0 0 0 0
fn=core::fmt::Formatter::write_fmt
1456 27 1 1 0 0 0 0 0 0
1457 324 1 1 162 0 0 108 0 0
1458 54 0 0 27 0 0 0 0 0
fn=core::fmt::write
0 630 1 1 102 0 0 0 0 0
997 888 2 1 0 0 0 666 0 0
998 1110 1 1 0 0 0 1110 0 0
1005 222 0 0 222 0 0 0 0 0
1012 333 0 0 111 0 0 0 0 0
1014 222 1 1 222 0 0 0 0 0
1015 654 1 1 396 17 0 120 1 0
1016 600 0 0 240 0 0 120 0 0
1017 18 0 0 0 0 0 0 0 0
1032 111 0 0 0 0 0 0 0 0
1033 152 1 1 95 2 0 19 0 0
1037 888 0 0 777 0 0 0 0 0
fl=/rustc/a53f9df32fbb0b5f4382caaad8f1a46f36ea887c//src/libcore/iter/adapters/zip.rs
fn=core::fmt::write
0 102 0 0 0 0 0 102 0 0
165 462 0 0 0 0 0 0 0 0
fl=/rustc/a53f9df32fbb0b5f4382caaad8f1a46f36ea887c//src/libcore/num/dec2flt/mod.rs
fn=core::num::dec2flt::extract_sign
0 414 1 1 0 0 0 207 0 0
213 69 1 1 0 0 0 69 0 0
214 138 0 0 0 0 0 0 0 0
215 345 0 0 69 0 0 0 0 0
220 138 0 0 138 0 0 0 0 0
fn=core::num::dec2flt::pfe_invalid
210 138 0 0 69 0 0 0 0 0
fl=/rustc/a53f9df32fbb0b5f4382caaad8f1a46f36ea887c//src/libcore/num/dec2flt/parse.rs
fn=core::num::dec2flt::parse::parse_decimal
0 414 1 1 0 0 0 69 0 0
47 276 9 1 0 0 0 207 0 0
48 69 0 0 0 0 0 0 0 0
56 69 0 0 0 0 0 0 0 0
57 483 0 0 69 0 0 0 0 0
79 345 0 0 207 0 0 0 0 0
84 276 0 0 69 0 0 0 0 0
fl=/rustc/a53f9df32fbb0b5f4382caaad8f1a46f36ea887c//src/libcore/num/mod.rs
fn=core::num::<impl core::str::FromStr for i64>::from_str
4667 142 1 1 0 0 0 71 0 0
4668 142 0 0 0 0 0 71 0 0
4669 213 0 0 142 0 0 0 0 0
fn=core::num::from_str_radix
0 211 1 1 0 0 0 140 0 0
1463 2 0 0 0 0 0 0 0 0
1515 2 0 0 0 0 0 0 0 0
4943 2 0 0 0 0 0 0 0 0
4949 284 1 1 0 0 0 142 0 0
4953 213 0 0 0 0 0 0 0 0
4957 71 0 0 0 0 0 0 0 0
4970 355 0 0 71 0 0 0 0 0
4982 71 0 0 71 0 0 0 0 0
4984 2 0 0 0 0 0 0 0 0
4988 2 0 0 0 0 0 0 0 0
4992 2 0 0 0 0 0 0 0 0
5013 6 0 0 0 0 0 2 0 0
5014 213 0 0 142 0 0 0 0 0
fn=core::slice::memchr::memchr
3071 260 0 0 0 0 0 0 0 0
fl=/rustc/a53f9df32fbb0b5f4382caaad8f1a46f36ea887c//src/libcore/option.rs
fn=<char as core::fmt::Display>::fmt
186 14 0 0 14 0 0 0 0 0
fn=<core::str::lossy::Utf8LossyChunksIter as core::iter::traits::iterator::Iterator>::next
368 1 0 0 0 0 0 0 0 0
369 1 0 0 0 0 0 0 0 0
fn=<i8 as core::slice::SliceContains>::slice_contains
186 20 0 0 0 0 0 0 0 0
fn=core::fmt::Formatter::pad
186 188 0 0 94 0 0 0 0 0
fn=core::slice::memchr::memchr
416 118 2 1 0 0 0 0 0 0
fl=/rustc/a53f9df32fbb0b5f4382caaad8f1a46f36ea887c//src/libcore/ptr.rs
fn=<core::str::lossy::Utf8LossyChunksIter as core::iter::traits::iterator::Iterator>::next
1077 1 0 0 0 0 0 0 0 0
fn=core::fmt::write
1077 444 0 0 0 0 0 0 0 0
fn=core::num::from_str_radix
0 142 0 0 0 0 0 0 0 0
1077 71 1 1 0 0 0 0 0 0
fn=core::slice::memchr::memchr
1077 208 1 1 0 0 0 0 0 0
2412 102 0 0 0 0 0 0 0 0
2414 34 0 0 0 0 0 0 0 0
fn=core::str::pattern::StrSearcher::new
1077 66 2 1 0 0 0 0 0 0
fn=core::str::run_utf8_validation
2414 2 0 0 0 0 0 0 0 0
fn=core::unicode::tables::property::White_Space
1077 1 1 1 0 0 0 0 0 0
fl=/rustc/a53f9df32fbb0b5f4382caaad8f1a46f36ea887c//src/libcore/result.rs
fn=core::str::from_utf8
1283 12 0 0 8 0 0 4 0 0
fl=/rustc/a53f9df32fbb0b5f4382caaad8f1a46f36ea887c//src/libcore/slice/memchr.rs
fn=core::slice::memchr::memchr
0 280 2 1 66 0 0 0 0 0
23 330 0 0 66 0 0 0 0 0
39 102 3 1 0 0 0 102 0 0
52 36 1 1 0 0 0 0 0 0
54 42 1 1 10 0 0 0 0 0
62 68 2 1 0 0 0 0 0 0
63 222 0 0 0 0 0 0 0 0
69 198 0 0 0 0 0 0 0 0
70 198 0 0 0 0 0 0 0 0
71 132 1 0 0 0 0 0 0 0
75 66 0 0 0 0 0 0 0 0
80 668 2 1 180 0 0 0 0 0
81 170 0 0 102 0 0 0 0 0
fl=/rustc/a53f9df32fbb0b5f4382caaad8f1a46f36ea887c//src/libcore/slice/mod.rs
fn=<core::str::lossy::Utf8LossyChunksIter as core::iter::traits::iterator::Iterator>::next
2662 3 0 0 0 0 0 0 0 0
fn=<i8 as core::slice::SliceContains>::slice_contains
5368 10 1 1 0 0 0 10 0 0
5371 20 0 0 20 0 0 10 0 0
5372 20 0 0 20 0 0 0 0 0
fn=core::fmt::write
2662 111 0 0 0 0 0 0 0 0
fn=core::num::dec2flt::parse::parse_decimal
2662 69 14 1 0 0 0 0 0 0
2745 138 0 0 0 0 0 0 0 0
fn=core::num::from_str_radix
2996 73 0 0 0 0 0 0 0 0
3086 73 0 0 0 0 0 0 0 0
fn=core::slice::memchr::memchr
0 48 0 0 0 0 0 0 0 0
2743 60 0 0 0 0 0 0 0 0
2996 124 2 1 0 0 0 0 0 0
3002 2 0 0 0 0 0 0 0 0
3138 128 0 0 0 0 0 0 0 0
3139 34 0 0 0 0 0 0 0 0
3140 34 0 0 0 0 0 0 0 0
3141 31 0 0 0 0 0 0 0 0
3142 96 1 1 0 0 0 0 0 0
3144 90 0 0 0 0 0 0 0 0
3145 180 0 0 0 0 0 0 0 0
3173 130 0 0 0 0 0 0 0 0
fn=core::str::pattern::StrSearcher::new
0 77 4 2 22 0 0 22 0 0
2662 44 0 0 0 0 0 0 0 0
2743 33 0 0 0 0 0 0 0 0
2745 44 0 0 0 0 0 0 0 0
2996 33 0 0 0 0 0 0 0 0
3086 55 0 0 0 0 0 0 0 0
5225 22 0 0 0 0 0 0 0 0
5230 55 0 0 11 1 0 11 0 0
fn=core::unicode::tables::property::White_Space
2662 1 1 1 0 0 0 0 0 0
fl=/rustc/a53f9df32fbb0b5f4382caaad8f1a46f36ea887c//src/libcore/str/lossy.rs
fn=<core::str::lossy::Utf8LossyChunksIter as core::iter::traits::iterator::Iterator>::next
0 803 2 2 1 0 0 0 0 0
48 5 1 1 0 0 0 3 0 0
49 3 0 0 1 0 0 0 0 0
55 1 0 0 1 0 0 0 0 0
59 1594 0 0 0 0 0 0 0 0
62 797 0 0 797 11 0 0 0 0
63 797 0 0 0 0 0 0 0 0
65 1594 1 1 0 0 0 0 0 0
82 6 0 0 0 0 0 0 0 0
83 3 0 0 0 0 0 0 0 0
86 2 1 1 0 0 0 0 0 0
134 3 0 0 0 0 0 2 0 0
135 5 0 0 0 0 0 4 0 0
136 4 1 1 4 0 0 0 0 0
fn=core::str::lossy::Utf8Lossy::chunks
21 2 0 0 0 0 0 0 0 0
23 1 0 0 1 0 0 0 0 0
fn=core::str::lossy::Utf8Lossy::from_str
17 2 1 1 0 0 0 0 0 0
19 1 0 0 1 0 0 0 0 0
fl=/rustc/a53f9df32fbb0b5f4382caaad8f1a46f36ea887c//src/libcore/str/mod.rs
fn=<core::str::lossy::Utf8LossyChunksIter as core::iter::traits::iterator::Iterator>::next
1554 1 0 0 1 1 1 0 0 0
fn=core::num::dec2flt::parse::parse_decimal
2081 69 0 0 0 0 0 0 0 0
fn=core::num::from_str_radix
2081 71 0 0 0 0 0 0 0 0
fn=core::str::<impl core::default::Default for &str>::default
4147 72 1 1 24 0 0 0 0 0
fn=core::str::from_utf8
337 16 2 2 0 0 0 6 0 0
338 6 0 0 0 0 0 2 0 0
339 10 0 0 0 0 0 6 0 0
340 12 0 0 8 0 0 0 0 0
fn=core::str::run_utf8_validation
0 10 1 1 0 0 0 0 0 0
1413 4 1 1 0 0 0 2 0 0
1419 8 0 0 0 0 0 0 0 0
1421 10 0 0 0 0 0 0 0 0
1441 2 0 0 2 0 0 0 0 0
1442 4 0 0 0 0 0 0 0 0
1504 2 0 0 0 0 0 0 0 0
1505 4 0 0 0 0 0 0 0 0
1518 72 1 1 17 0 0 0 0 0
1519 17 0 0 0 0 0 0 0 0
1527 2 1 1 0 0 0 2 0 0
1528 4 0 0 4 0 0 0 0 0
fl=/rustc/a53f9df32fbb0b5f4382caaad8f1a46f36ea887c//src/libcore/str/pattern.rs
fn=core::str::pattern::StrSearcher::new
0 308 4 2 11 0 0 0 0 0
758 110 1 0 0 0 0 66 1 1
759 55 2 1 0 0 0 11 0 0
771 143 2 1 0 0 0 143 2 2
779 88 0 0 77 0 0 0 0 0
1034 33 0 0 0 0 0 0 0 0
1049 11 0 0 0 0 0 0 0 0
1085 44 0 0 0 0 0 0 0 0
1098 66 0 0 99 0 0 33 1 1
1286 132 2 1 0 0 0 0 0 0
1288 176 2 1 44 3 1 0 0 0
1289 88 0 0 44 0 0 0 0 0
1291 44 0 0 0 0 0 0 0 0
1293 44 2 1 0 0 0 0 0 0
1294 22 0 0 0 0 0 0 0 0
1305 44 2 1 0 0 0 0 0 0
fl=/rustc/a53f9df32fbb0b5f4382caaad8f1a46f36ea887c//src/libcore/unicode/bool_trie.rs
fn=core::unicode::tables::property::White_Space
57 2 0 0 0 0 0 0 0 0
58 6 0 0 2 2 2 0 0 0
65 2 0 0 1 0 0 1 1 1
fl=/rustc/a53f9df32fbb0b5f4382caaad8f1a46f36ea887c//src/libcore/unicode/tables.rs
fn=core::unicode::tables::property::White_Space
1278 1 0 0 1 0 0 0 0 0
fl=/rustc/a53f9df32fbb0b5f4382caaad8f1a46f36ea887c//src/libpanic_unwind/lib.rs
fn=__rust_maybe_catch_panic
79 9 2 2 0 0 0 4 0 0
85 2 0 0 0 0 0 1 0 0
fl=/rustc/a53f9df32fbb0b5f4382caaad8f1a46f36ea887c//src/libstd/alloc.rs
fn=__rdl_alloc
237 525 1 1 0 0 0 0 0 0
fn=__rdl_realloc
250 2376 3 1 0 0 0 1485 0 0
fl=/rustc/a53f9df32fbb0b5f4382caaad8f1a46f36ea887c//src/libstd/env.rs
fn=<std::env::ArgsOs as core::iter::traits::iterator::Iterator>::next
782 4 1 1 2 0 0 0 0 0
fn=std::env::_var
201 4 1 1 0 0 0 1 0 0
203 2 0 0 1 0 0 0 0 0
206 4 0 0 2 0 0 0 0 0
226 1 0 0 1 0 0 1 1 1
fn=std::env::_var_os
229 12 1 1 0 0 0 8 1 1
233 9 1 1 7 0 0 0 0 0
fn=std::env::args_os
732 8 1 1 0 0 0 6 0 0
733 4 1 1 0 0 0 4 0 0
734 9 0 0 7 0 0 0 0 0
fl=/rustc/a53f9df32fbb0b5f4382caaad8f1a46f36ea887c//src/libstd/ffi/c_str.rs
fn=core::ptr::real_drop_in_place
617 1 0 0 0 0 0 1 1 0
fn=std::env::_var_os
329 1 0 0 0 0 0 0 0 0
330 7 1 1 1 0 0 4 1 1
617 1 0 0 0 0 0 1 0 0
965 4 0 0 1 0 0 1 0 0
fn=std::env::args_os
965 3 0 0 1 0 0 1 0 0
fn=std::ffi::c_str::CString::from_vec_unchecked
354 12 2 1 0 0 0 8 0 0
357 16 2 1 6 0 0 8 0 0
358 12 0 0 10 0 0 0 0 0
fn=std::thread::Thread::new
329 1 0 0 0 0 0 0 0 0
330 9 0 0 3 1 0 3 0 0
fl=/rustc/a53f9df32fbb0b5f4382caaad8f1a46f36ea887c//src/libstd/ffi/os_str.rs
fn=std::path::Path::as_os_str
497 6 1 1 0 0 0 0 0 0
499 3 0 0 3 0 0 0 0 0
fn=std::path::Path::to_path_buf
586 8 1 1 0 0 0 5 0 0
587 3 0 0 0 0 0 3 0 0
588 7 0 0 5 0 0 0 0 0
fn=std::path::Path::to_str
516 4 0 0 0 0 0 0 0 0
518 2 0 0 1 0 0 0 0 0
fl=/rustc/a53f9df32fbb0b5f4382caaad8f1a46f36ea887c//src/libstd/io/lazy.rs
fn=std::io::stdio::stderr
0 1 0 0 0 0 0 0 0 0
31 1 0 0 0 0 0 1 0 0
33 4 0 0 0 0 0 0 0 0
59 2 0 0 0 0 0 0 0 0
fl=/rustc/a53f9df32fbb0b5f4382caaad8f1a46f36ea887c//src/libstd/io/mod.rs
fn=<std::io::Write::write_fmt::Adaptor<T> as core::fmt::Write>::write_str
0 6 0 0 0 0 0 0 0 0
1267 15 1 1 0 0 0 3 0 0
1268 9 0 0 3 0 0 3 0 0
1269 6 0 0 3 0 0 0 0 0
1275 9 1 1 6 0 0 0 0 0
fn=<std::io::stdio::Stderr as std::io::Write>::write_fmt
1278 2 0 0 0 0 0 2 0 0
1279 10 1 1 4 0 0 4 0 0
1280 3 1 1 0 0 0 1 0 0
fn=std::io::Write::write_all
0 19 2 2 3 0 0 0 0 0
1206 24 2 2 0 0 0 21 1 0
1207 7 0 0 0 0 0 0 0 0
1209 8 1 1 0 0 0 0 0 0
1216 3 0 0 0 0 0 3 0 0
1217 27 1 1 21 0 0 0 0 0
fl=/rustc/a53f9df32fbb0b5f4382caaad8f1a46f36ea887c//src/libstd/io/stdio.rs
fn=<std::io::stdio::Stderr as std::io::Write>::write_fmt
691 8 1 1 0 0 0 5 0 0
692 3 0 0 0 0 0 2 0 0
693 8 0 0 6 0 0 0 0 0
fn=std::io::Write::write_all
114 4 0 0 2 0 0 0 0 0
154 4 0 0 0 0 0 4 0 0
fn=std::io::stdio::stderr
625 4 1 1 0 0 0 3 0 0
641 6 0 0 4 0 0 0 0 0
fl=/rustc/a53f9df32fbb0b5f4382caaad8f1a46f36ea887c//src/libstd/panicking.rs
fn=<std::io::stdio::Stderr as std::io::Write>::write_fmt
300 2 0 0 1 0 0 0 0 0
fn=std::panicking::try::do_call
289 2 1 1 0 0 0 1 0 0
fn=std::rt::lang_start_internal
266 1 0 0 0 0 0 1 0 0
267 2 1 1 0 0 0 1 0 0
268 1 0 0 0 0 0 1 0 0
272 6 0 0 1 0 0 1 0 0
fl=/rustc/a53f9df32fbb0b5f4382caaad8f1a46f36ea887c//src/libstd/path.rs
fn=<std::path::Components as core::iter::traits::double_ended::DoubleEndedIterator>::next_back
0 3 0 0 0 0 0 0 0 0
371 11 1 1 2 0 0 0 0 0
667 1 0 0 0 0 0 0 0 0
677 3 0 0 1 0 0 0 0 0
682 3 0 0 0 0 0 1 0 0
687 2 1 1 0 0 0 0 0 0
693 1 1 1 0 0 0 0 0 0
958 8 1 1 0 0 0 6 0 0
959 3 0 0 0 0 0 0 0 0
961 7 0 0 1 0 0 0 0 0
962 14 1 1 6 0 0 5 0 0
963 5 1 1 1 0 0 1 0 0
964 2 0 0 0 0 0 0 0 0
965 10 1 1 4 0 0 5 0 0
1000 9 1 1 7 0 0 0 0 0
fn=<std::path::Path as core::convert::AsRef<std::path::Path>>::as_ref
2660 2 1 1 0 0 0 0 0 0
2662 1 0 0 1 0 0 0 0 0
fn=std::path::Components::include_cur_dir
0 2 1 1 0 0 0 0 0 0
732 4 0 0 2 0 0 0 0 0
744 2 1 1 0 0 0 2 0 0
754 4 0 0 4 0 0 0 0 0
fn=std::path::Components::parse_next_component_back
0 8 1 1 5 0 0 0 0 0
371 10 0 0 1 0 0 0 0 0
656 2 0 0 0 0 0 0 0 0
667 1 0 0 0 0 0 0 0 0
677 3 0 0 1 0 0 0 0 0
682 3 0 0 0 0 0 1 0 0
687 2 1 1 0 0 0 0 0 0
782 6 1 1 0 0 0 4 0 0
785 1 0 0 1 0 0 0 0 0
787 2 1 1 0 0 0 0 0 0
789 12 1 1 3 0 0 7 0 0
790 7 0 0 5 0 0 0 0 0
fn=std::path::Path::file_name
0 2 0 0 1 0 0 0 0 0
334 1 0 0 0 0 0 0 0 0
2039 1 1 1 0 0 0 0 0 0
2040 1 0 0 1 1 0 1 0 0
2042 2 1 1 0 0 0 0 0 0
2046 2 0 0 1 0 0 0 0 0
2310 11 1 1 2 0 0 7 0 0
2313 1 0 0 0 0 0 0 0 0
fl=/rustc/a53f9df32fbb0b5f4382caaad8f1a46f36ea887c//src/libstd/process.rs
fn=std::process::exit
1509 2 1 0 0 0 0 1 0 0
1510 1 0 0 0 0 0 1 0 0
1511 2 0 0 0 0 0 1 0 0
fl=/rustc/a53f9df32fbb0b5f4382caaad8f1a46f36ea887c//src/libstd/rt.rs
fn=std::panicking::try::do_call
49 3 0 0 2 0 0 1 0 0
fn=std::rt::lang_start_internal
22 11 1 1 0 0 0 8 0 0
40 5 1 1 1 1 0 4 0 0
41 6 0 0 1 1 0 4 0 0
fn=std::sys_common::backtrace::__rust_begin_short_backtrace
49 1 1 1 1 1 0 0 0 0
fl=/rustc/a53f9df32fbb0b5f4382caaad8f1a46f36ea887c//src/libstd/sync/condvar.rs
fn=core::ptr::real_drop_in_place
608 1 0 0 1 0 0 0 0 0
fn=std::thread::Thread::new
130 2 0 0 0 0 0 2 0 0
137 2 1 1 1 0 0 1 0 0
fl=/rustc/a53f9df32fbb0b5f4382caaad8f1a46f36ea887c//src/libstd/sync/mutex.rs
fn=core::ptr::real_drop_in_place
371 1 0 0 1 0 0 0 0 0
fn=std::thread::Thread::new
0 1 0 0 0 0 0 0 0 0
177 6 1 1 2 0 0 4 0 0
fl=/rustc/a53f9df32fbb0b5f4382caaad8f1a46f36ea887c//src/libstd/sync/once.rs
fn=<std::sync::once::Finish as core::ops::drop::Drop>::drop
0 2 0 0 3 0 0 0 0 0
440 4 1 1 0 0 0 3 0 0
443 5 0 0 1 0 0 0 0 0
448 5 1 1 0 0 0 1 0 0
456 1 0 0 0 0 0 0 0 0
464 5 2 2 4 0 0 0 0 0
fn=std::sync::once::Once::call_inner
0 1 0 0 0 0 0 0 0 0
344 11 2 2 0 0 0 8 0 0
357 2 0 0 0 0 0 0 0 0
373 2 0 0 0 0 0 0 0 0
383 2 1 1 0 0 0 2 0 0
387 6 0 0 3 1 0 1 0 0
388 2 0 0 0 0 0 1 0 0
429 8 0 0 7 0 0 0 0 0
fn=std::sync::once::Once::call_once::{{closure}}
220 16 2 2 8 0 0 6 0 0
fn=std::sys_common::cleanup
215 1 0 0 0 0 0 0 0 0
219 2 0 0 0 0 0 1 0 0
220 6 1 1 1 0 0 2 0 0
329 1 0 0 0 0 0 0 0 0
fl=/rustc/a53f9df32fbb0b5f4382caaad8f1a46f36ea887c//src/libstd/sys/unix/alloc.rs
fn=__rdl_alloc
9 2100 0 0 0 0 0 0 0 0
10 1050 1 1 525 1 0 0 0 0
fn=__rdl_dealloc
37 432 0 0 432 1 0 0 0 0
fn=__rdl_realloc
42 1188 0 0 0 0 0 0 0 0
43 2376 0 0 1485 3 0 0 0 0
fl=/rustc/a53f9df32fbb0b5f4382caaad8f1a46f36ea887c//src/libstd/sys/unix/args.rs
fn=std::env::args_os
96 1 0 0 0 0 0 1 0 0
97 1 0 0 1 0 0 0 0 0
98 2 0 0 2 1 0 0 0 0
fn=std::rt::lang_start_internal
77 2 0 0 1 0 0 1 0 0
78 1 0 0 0 0 0 1 0 0
fn=std::sync::once::Once::call_once::{{closure}}
83 1 0 0 0 0 0 1 0 0
84 1 0 0 0 0 0 1 0 0
fl=/rustc/a53f9df32fbb0b5f4382caaad8f1a46f36ea887c//src/libstd/sys/unix/condvar.rs
fn=core::ptr::real_drop_in_place
167 1 0 0 1 0 0 1 0 0
fn=std::sys::unix::condvar::Condvar::init
0 3 0 0 0 0 0 0 0 0
42 4 1 1 0 0 0 1 0 0
45 2 0 0 1 1 0 2 0 0
46 2 0 0 0 0 0 0 0 0
47 3 1 1 1 1 0 2 0 0
48 2 0 0 0 0 0 0 0 0
49 3 0 0 1 1 0 2 0 0
50 2 0 0 0 0 0 0 0 0
51 2 0 0 1 1 0 2 0 0
52 2 0 0 0 0 0 0 0 0
53 3 1 1 2 0 0 0 0 0
fn=std::thread::Thread::new
27 3 0 0 0 0 0 3 0 0
fl=/rustc/a53f9df32fbb0b5f4382caaad8f1a46f36ea887c//src/libstd/sys/unix/fast_thread_local.rs
fn=std::sys_common::thread_info::set
24 2 0 0 1 0 0 0 0 0
28 5 0 0 1 0 0 1 0 0
fl=/rustc/a53f9df32fbb0b5f4382caaad8f1a46f36ea887c//src/libstd/sys/unix/fd.rs
fn=std::io::Write::write_all
0 2 0 0 0 0 0 0 0 0
111 6 0 0 2 1 0 2 1 0
115 4 0 0 0 0 0 0 0 0
fl=/rustc/a53f9df32fbb0b5f4382caaad8f1a46f36ea887c//src/libstd/sys/unix/memchr.rs
fn=std::env::_var_os
6 4 0 0 1 1 0 1 0 0
fn=std::thread::Thread::new
6 3 0 0 1 1 0 1 0 0
fl=/rustc/a53f9df32fbb0b5f4382caaad8f1a46f36ea887c//src/libstd/sys/unix/mod.rs
fn=std::io::Write::write_all
122 2 1 1 0 0 0 0 0 0
130 2 0 0 0 0 0 0 0 0
fn=std::rt::lang_start_internal
77 5 1 1 1 1 0 1 0 0
fl=/rustc/a53f9df32fbb0b5f4382caaad8f1a46f36ea887c//src/libstd/sys/unix/mutex.rs
fn=<std::io::stdio::Stderr as std::io::Write>::write_fmt
109 1 0 0 1 0 0 1 0 0
119 1 0 0 1 0 0 1 0 0
fn=alloc::sync::Arc<T>::drop_slow
124 1 0 0 1 0 0 1 0 0
fn=core::ops::function::FnOnce::call_once{{vtable-shim}}
55 2 0 0 1 0 0 1 0 0
60 2 1 1 1 0 0 1 0 0
fn=core::ptr::real_drop_in_place
70 1 0 0 1 0 0 1 0 0
fn=std::env::_var_os
55 3 0 0 1 0 0 1 0 0
60 2 0 0 1 0 0 1 0 0
fn=std::env::args_os
55 3 0 0 1 0 0 1 0 0
60 2 0 0 1 0 0 1 0 0
fn=std::io::stdio::stderr
55 3 0 0 1 0 0 1 0 0
60 3 1 1 1 0 0 2 0 0
97 2 0 0 1 1 0 1 0 0
99 3 0 0 1 0 0 1 0 0
102 3 1 1 1 1 0 1 0 0
104 2 0 0 1 1 0 1 0 0
fn=std::rt::lang_start_internal
55 4 1 1 2 0 0 1 0 0
60 2 0 0 1 0 0 1 0 0
fn=std::sync::once::Once::call_once::{{closure}}
55 33 0 0 1 0 0 11 0 0
60 22 0 0 1 0 0 11 0 0
fn=std::sys_common::at_exit_imp::push
55 3 0 0 1 0 0 1 0 0
60 3 0 0 1 0 0 1 0 0
fn=std::thread::Thread::new
21 6 0 0 0 0 0 3 0 0
44 2 1 1 1 1 0 1 0 0
46 3 0 0 1 1 0 1 0 0
48 3 0 0 1 1 0 1 0 0
50 2 0 0 1 1 0 1 0 0
55 3 0 0 1 0 0 1 0 0
60 2 0 0 1 0 0 1 0 0
fl=/rustc/a53f9df32fbb0b5f4382caaad8f1a46f36ea887c//src/libstd/sys/unix/os.rs
fn=std::env::_var_os
0 1 0 0 0 0 0 0 0 0
459 2 0 0 0 0 0 2 0 0
461 1 0 0 0 0 0 1 0 0
462 2 0 0 1 1 0 1 0 0
463 1 1 1 0 0 0 0 0 0
468 4 0 0 0 0 0 4 0 0
470 1 0 0 1 0 0 0 0 0
fn=std::rt::lang_start_internal
493 2 0 0 1 1 0 1 0 0
fn=std::sys::unix::os::exit
539 1 1 0 0 0 0 1 0 0
540 1 0 0 1 0 0 1 0 0
fl=/rustc/a53f9df32fbb0b5f4382caaad8f1a46f36ea887c//src/libstd/sys/unix/path.rs
fn=std::path::Path::file_name
6 1 0 0 1 0 0 0 0 0
fl=/rustc/a53f9df32fbb0b5f4382caaad8f1a46f36ea887c//src/libstd/sys/unix/rand.rs
fn=std::sys::unix::rand::hashmap_random_keys
0 8 0 0 2 1 0 0 0 0
4 7 1 1 0 0 0 6 0 0
5 2 1 1 0 0 0 1 0 0
11 2 1 1 2 0 0 0 0 0
12 8 0 0 7 0 0 0 0 0
26 6 1 1 0 0 0 1 0 0
39 1 0 0 0 0 0 0 0 0
44 3 0 0 0 0 0 0 0 0
46 2 0 0 0 0 0 0 0 0
64 1 0 0 0 0 0 0 0 0
fl=/rustc/a53f9df32fbb0b5f4382caaad8f1a46f36ea887c//src/libstd/sys/unix/stack_overflow.rs
fn=std::rt::lang_start_internal
112 1 1 1 0 0 0 1 0 0
113 2 0 0 0 0 0 1 0 0
114 7 0 0 1 1 0 1 0 0
115 4 1 1 0 0 0 1 0 0
118 1 1 1 0 0 0 1 0 0
127 7 1 1 1 1 0 1 0 0
133 2 0 0 0 0 0 0 0 0
156 2 0 0 1 1 0 1 0 0
158 2 0 0 1 0 0 0 0 0
159 4 0 0 0 0 0 3 0 0
160 2 0 0 1 0 0 1 0 0
161 1 0 0 1 0 0 0 0 0
fn=std::sync::once::Once::call_once::{{closure}}
0 5 1 1 2 0 0 0 0 0
123 1 1 1 1 1 0 0 0 0
168 1 0 0 0 0 0 0 0 0
169 4 0 0 0 0 0 3 0 0
178 2 0 0 1 0 0 1 0 0
179 3 0 0 1 1 0 1 0 0
fl=/rustc/a53f9df32fbb0b5f4382caaad8f1a46f36ea887c//src/libstd/sys/unix/thread.rs
fn=std::rt::lang_start_internal
0 1 0 0 0 0 0 0 0 0
257 4 0 0 1 1 0 2 0 0
261 4 1 1 2 2 0 2 0 0
262 2 0 0 0 0 0 0 0 0
263 1 0 0 0 0 0 1 0 0
264 4 0 0 0 0 0 1 0 0
265 4 1 1 1 1 0 2 0 0
267 2 0 0 1 0 0 0 0 0
269 4 0 0 1 1 0 2 0 0
275 2 0 0 0 0 0 0 0 0
276 4 0 0 0 0 0 2 0 0
284 6 1 1 1 1 0 0 0 0
285 4 0 0 0 0 0 0 0 0
293 1 0 0 0 0 0 1 1 1
309 3 0 0 0 0 0 0 0 0
fl=/rustc/a53f9df32fbb0b5f4382caaad8f1a46f36ea887c//src/libstd/sys_common/at_exit_imp.rs
fn=std::sync::once::Once::call_once::{{closure}}
0 15 2 2 1 0 0 2 0 0
45 2 0 0 0 0 0 0 0 0
49 22 0 0 0 0 0 0 0 0
54 19 1 1 3 0 0 8 0 0
56 5 1 1 0 0 0 1 0 0
fn=std::sys_common::at_exit_imp::push
0 3 0 0 0 0 0 2 0 0
29 3 0 0 1 0 0 0 0 0
31 1 0 0 0 0 0 1 0 0
63 11 1 1 0 0 0 8 0 0
65 1 0 0 0 0 0 1 0 0
75 9 0 0 7 0 0 0 0 0
fl=/rustc/a53f9df32fbb0b5f4382caaad8f1a46f36ea887c//src/libstd/sys_common/condvar.rs
fn=std::thread::Thread::new
25 2 0 0 0 0 0 1 0 0
fl=/rustc/a53f9df32fbb0b5f4382caaad8f1a46f36ea887c//src/libstd/sys_common/mod.rs
fn=std::io::stdio::stderr
123 3 1 1 0 0 0 1 0 0
fn=std::sys_common::cleanup
127 1 1 1 0 0 0 0 0 0
134 2 0 0 1 0 0 0 0 0
fl=/rustc/a53f9df32fbb0b5f4382caaad8f1a46f36ea887c//src/libstd/sys_common/mutex.rs
fn=std::sys_common::at_exit_imp::push
82 2 0 0 1 0 0 0 0 0
fl=/rustc/a53f9df32fbb0b5f4382caaad8f1a46f36ea887c//src/libstd/sys_common/os_str_bytes.rs
fn=std::env::_var
109 4 1 1 2 0 0 2 0 0
fn=std::path::Path::to_str
148 1 0 0 1 0 0 1 0 0
fn=std::sys_common::os_str_bytes::Buf::as_slice
106 2 0 0 2 0 0 0 0 0
fl=/rustc/a53f9df32fbb0b5f4382caaad8f1a46f36ea887c//src/libstd/sys_common/poison.rs
fn=<std::io::stdio::Stderr as std::io::Write>::write_fmt
36 3 0 0 1 0 0 0 0 0
fl=/rustc/a53f9df32fbb0b5f4382caaad8f1a46f36ea887c//src/libstd/sys_common/remutex.rs
fn=<std::io::stdio::Stderr as std::io::Write>::write_fmt
76 1 0 0 1 0 0 0 0 0
155 1 1 1 1 0 0 0 0 0
156 1 1 1 1 0 0 0 0 0
fn=alloc::sync::Arc<T>::drop_slow
106 1 0 0 1 0 0 0 0 0
fn=std::io::Write::write_all
147 2 0 0 2 0 0 0 0 0
fn=std::io::stdio::stderr
0 2 0 0 0 0 0 0 0 0
59 8 0 0 4 0 0 4 0 0
fl=/rustc/a53f9df32fbb0b5f4382caaad8f1a46f36ea887c//src/libstd/sys_common/thread_info.rs
fn=std::sys_common::thread_info::set
36 5 1 1 0 0 0 3 0 0
37 1 1 1 0 0 0 0 0 0
38 9 1 1 3 0 0 5 0 0
39 4 1 1 2 0 0 2 0 0
40 1 0 0 1 0 0 0 0 0
42 4 0 0 3 0 0 0 0 0
fl=/rustc/a53f9df32fbb0b5f4382caaad8f1a46f36ea887c//src/libstd/thread/local.rs
fn=<std::io::stdio::Stderr as std::io::Write>::write_fmt
300 7 1 1 3 1 0 0 0 0
fn=std::collections::hash::map::RandomState::new::KEYS::__getit
162 2 2 1 0 0 0 2 0 0
186 8 0 0 6 0 0 0 0 0
fn=std::sys_common::thread_info::set
0 2 0 0 0 0 0 0 0 0
245 5 0 0 2 0 0 3 0 0
299 5 1 1 2 0 0 2 0 0
300 3 0 0 1 1 0 0 0 0
374 2 0 0 0 0 0 0 0 0
382 2 0 0 0 0 0 0 0 0
fl=/rustc/a53f9df32fbb0b5f4382caaad8f1a46f36ea887c//src/libstd/thread/mod.rs
fn=std::thread::Thread::new
1053 1 0 0 0 0 0 1 0 0
1057 3 0 0 1 1 0 0 0 0
1062 2 0 0 0 0 0 1 0 0
1116 6 1 1 0 0 0 5 0 0
1117 3 0 0 2 0 0 1 0 0
1121 2 0 0 1 0 0 1 0 0
1122 2 1 1 0 0 0 2 0 0
1129 7 0 0 6 0 0 0 0 0
fl=/rustc/a53f9df32fbb0b5f4382caaad8f1a46f36ea887c/src/liballoc/alloc.rs
fn=<alloc::boxed::Box<F> as core::ops::function::FnOnce<A>>::call_once
103 3 0 0 1 0 0 1 0 0
217 1 0 0 1 0 0 0 0 0
219 2 0 0 0 0 0 0 0 0
fn=alloc::sync::Arc<T>::drop_slow
103 13 0 0 6 0 0 1 0 0
fn=core::ops::function::FnOnce::call_once{{vtable-shim}}
103 7 0 0 3 0 0 0 0 0
fn=core::ptr::real_drop_in_place
103 13 2 2 3 0 0 2 0 0
219 2 0 0 0 0 0 0 0 0
fn=std::env::_var_os
81 8 0 0 2 0 0 2 1 1
103 3 0 0 1 0 0 1 0 0
219 2 1 1 0 0 0 0 0 0
fn=std::env::args_os
81 7 0 0 2 0 0 2 0 0
fn=std::ffi::c_str::CString::from_vec_unchecked
125 8 0 0 2 1 0 2 1 1
fn=std::io::stdio::stderr
81 12 1 1 4 0 0 4 0 0
204 4 0 0 0 0 0 0 0 0
fn=std::path::Path::to_path_buf
81 4 0 0 1 0 0 1 0 0
fn=std::rt::lang_start_internal
81 3 0 0 1 1 0 1 0 0
fn=std::sync::once::Once::call_once::{{closure}}
103 12 1 1 5 0 0 2 0 0
fn=std::sys_common::at_exit_imp::push
81 6 3 3 2 0 0 2 0 0
204 1 0 0 0 0 0 0 0 0
fn=std::thread::Thread::new
81 9 0 0 3 0 0 3 0 0
204 3 0 0 0 0 0 0 0 0
fl=/rustc/a53f9df32fbb0b5f4382caaad8f1a46f36ea887c/src/liballoc/boxed.rs
fn=<alloc::boxed::Box<F> as core::ops::function::FnOnce<A>>::call_once
703 8 1 1 0 0 0 5 0 0
704 12 1 1 3 1 0 3 0 0
705 7 0 0 6 0 0 0 0 0
fn=std::io::stdio::stderr
113 2 0 0 0 0 0 2 0 0
fl=/rustc/a53f9df32fbb0b5f4382caaad8f1a46f36ea887c/src/liballoc/raw_vec.rs
fn=alloc::vec::Vec<T>::into_boxed_slice
208 2 0 0 2 0 0 0 0 0
fn=std::env::_var
197 1 0 0 1 0 0 0 0 0
fn=std::env::_var_os
87 2 0 0 0 0 0 0 0 0
98 4 1 1 0 0 0 0 0 0
fn=std::env::args_os
0 6 0 0 0 0 0 1 0 0
98 2 0 0 0 0 0 0 0 0
197 2 0 0 0 0 0 0 0 0
650 1 0 0 0 0 0 0 0 0
672 2 1 1 0 0 0 0 0 0
676 1 0 0 0 0 0 1 0 0
677 2 0 0 0 0 0 1 0 0
fn=std::ffi::c_str::CString::from_vec_unchecked
0 4 0 0 0 0 0 0 0 0
197 2 2 1 2 0 0 0 0 0
208 2 2 1 2 0 0 0 0 0
223 2 0 0 0 0 0 0 0 0
650 4 0 0 0 0 0 0 0 0
664 2 0 0 0 0 0 0 0 0
666 2 0 0 2 0 0 0 0 0
672 4 0 0 0 0 0 0 0 0
676 2 2 1 0 0 0 2 0 0
677 2 0 0 0 0 0 2 0 0
fn=std::path::Path::to_path_buf
87 2 0 0 0 0 0 0 0 0
98 2 0 0 0 0 0 0 0 0
fn=std::rt::lang_start_internal
98 2 0 0 0 0 0 0 0 0
fn=std::sync::once::Once::call_once::{{closure}}
223 1 0 0 0 0 0 0 0 0
230 1 0 0 0 0 0 0 0 0
708 1 0 0 0 0 0 0 0 0
fn=std::sys_common::at_exit_imp::push
0 2 0 0 0 0 0 0 0 0
223 1 0 0 0 0 0 0 0 0
427 1 0 0 0 0 0 0 0 0
664 1 0 0 0 0 0 0 0 0
672 2 0 0 0 0 0 0 0 0
676 1 1 1 0 0 0 1 0 0
677 1 0 0 0 0 0 1 0 0
fn=std::sys_common::os_str_bytes::Buf::as_slice
197 2 1 1 2 0 0 0 0 0
fn=std::thread::Thread::new
197 1 0 0 1 0 0 0 0 0
fl=/rustc/a53f9df32fbb0b5f4382caaad8f1a46f36ea887c/src/liballoc/string.rs
fn=std::env::_var
493 1 0 0 1 0 0 1 0 0
494 6 1 1 3 0 0 2 0 0
fl=/rustc/a53f9df32fbb0b5f4382caaad8f1a46f36ea887c/src/liballoc/sync.rs
fn=<std::io::stdio::Stderr as std::io::Write>::write_fmt
777 1 0 0 0 0 0 0 0 0
fn=alloc::sync::Arc<T>::drop_slow
550 6 2 2 0 0 0 4 0 0
553 1 0 0 0 0 0 0 0 0
555 2 0 0 0 0 0 0 0 0
557 2 0 0 2 0 0 0 0 0
fn=core::ops::function::FnOnce::call_once{{vtable-shim}}
976 1 0 0 0 0 0 0 0 0
1011 2 0 0 0 0 0 1 0 0
fn=std::io::stdio::stderr
0 1 0 0 0 0 0 0 0 0
288 14 1 1 4 0 0 10 0 0
761 1 0 0 0 0 0 0 0 0
fn=std::thread::Thread::new
288 10 1 1 2 0 0 8 1 1
fn=std::thread::local::fast::destroy_value
976 1 0 0 0 0 0 0 0 0
1011 1 0 0 0 0 0 0 0 0
fl=/rustc/a53f9df32fbb0b5f4382caaad8f1a46f36ea887c/src/liballoc/vec.rs
fn=<std::env::ArgsOs as core::iter::traits::iterator::Iterator>::next
2363 6 0 0 4 0 0 0 0 0
2364 1 0 0 0 0 0 1 0 0
2376 1 0 0 0 0 0 1 0 0
fn=alloc::vec::Vec<T>::into_boxed_slice
578 6 0 0 2 0 0 0 0 0
633 8 2 1 0 0 0 6 0 0
640 10 0 0 6 0 0 0 0 0
fn=std::env::_var
1711 2 0 0 1 0 0 0 0 0
fn=std::env::args_os
317 3 1 1 0 0 0 2 0 0
1482 4 0 0 2 0 0 1 0 0
1864 1 0 0 0 0 0 1 0 0
fn=std::ffi::c_str::CString::from_vec_unchecked
482 2 0 0 2 0 0 0 0 0
1032 4 0 0 0 0 0 0 0 0
1038 4 0 0 0 0 0 2 0 0
fn=std::sync::once::Once::call_once::{{closure}}
0 2 1 1 1 0 0 0 0 0
2363 8 0 0 1 0 0 1 0 0
fn=std::sys_common::at_exit_imp::push
317 3 0 0 0 0 0 2 0 0
1032 3 0 0 2 0 0 0 0 0
1038 1 0 0 1 0 0 0 0 0
1722 1 0 0 1 0 0 0 0 0
fn=std::sys_common::os_str_bytes::Buf::as_slice
1711 2 0 0 2 0 0 0 0 0
fn=std::thread::Thread::new
1711 1 1 1 1 0 0 0 0 0
fl=/rustc/a53f9df32fbb0b5f4382caaad8f1a46f36ea887c/src/libcore/alloc.rs
fn=std::env::args_os
242 2 0 0 0 0 0 0 0 0
fn=std::sys_common::at_exit_imp::push
242 2 0 0 0 0 0 0 0 0
fl=/rustc/a53f9df32fbb0b5f4382caaad8f1a46f36ea887c/src/libcore/cell.rs
fn=<std::io::stdio::Stderr as std::io::Write>::write_fmt
249 1 0 0 0 0 0 0 0 0
fn=std::io::Write::write_all
1349 4 0 0 2 0 0 0 0 0
fn=std::io::stdio::stderr
249 1 1 1 1 0 0 0 0 0
fn=std::sys_common::thread_info::set
0 1 0 0 0 0 0 0 0 0
249 10 2 2 6 1 0 0 0 0
630 1 0 0 0 0 0 0 0 0
1110 3 0 0 0 0 0 0 0 0
1335 1 1 1 1 0 0 0 0 0
1349 2 0 0 1 0 0 0 0 0
fl=/rustc/a53f9df32fbb0b5f4382caaad8f1a46f36ea887c/src/libcore/cmp.rs
fn=<alloc::vec::Vec<T> as alloc::vec::SpecExtend<&T,core::slice::Iter<T>>>::spec_extend
0 1 0 0 0 0 0 0 0 0
978 1 0 0 0 0 0 0 0 0
fn=<std::path::Components as core::iter::traits::double_ended::DoubleEndedIterator>::next_back
796 7 0 0 0 0 0 0 0 0
fn=std::env::args_os
974 1 0 0 0 0 0 0 0 0
fn=std::path::Components::parse_next_component_back
796 6 1 1 0 0 0 0 0 0
fn=std::sync::once::Once::call_once::{{closure}}
974 30 0 0 0 0 0 0 0 0
fn=std::sys_common::at_exit_imp::push
0 2 0 0 0 0 0 0 0 0
978 1 0 0 0 0 0 0 0 0
fl=/rustc/a53f9df32fbb0b5f4382caaad8f1a46f36ea887c/src/libcore/convert.rs
fn=std::thread::Thread::new
540 6 0 0 2 1 0 3 0 0
fl=/rustc/a53f9df32fbb0b5f4382caaad8f1a46f36ea887c/src/libcore/fmt/mod.rs
fn=<&mut W as core::fmt::Write>::write_str
201 4 0 0 0 0 0 4 0 0
202 4 0 0 4 0 0 0 0 0
203 12 0 0 8 0 0 0 0 0
fn=alloc::fmt::format
0 1 0 0 1 0 0 0 0 0
195 10 1 1 4 0 0 4 0 0
350 2 0 0 2 0 0 0 0 0
353 1 0 0 0 0 0 0 0 0
355 6 1 1 0 0 0 0 0 0
fl=/rustc/a53f9df32fbb0b5f4382caaad8f1a46f36ea887c/src/libcore/intrinsics.rs
fn=<alloc::string::String as core::clone::Clone>::clone
1412 636 0 0 159 0 0 159 0 0
fn=<alloc::vec::Vec<T> as alloc::vec::SpecExtend<&T,core::slice::Iter<T>>>::spec_extend
1412 32 1 1 20 0 0 0 0 0
fn=<std::io::stdio::Stderr as std::io::Write>::write_fmt
1412 5 0 0 0 0 0 3 0 0
fn=alloc::vec::Vec<T>::into_boxed_slice
1412 2 2 1 2 0 0 0 0 0
fn=core::ops::function::FnOnce::call_once{{vtable-shim}}
1412 2 0 0 1 0 0 1 0 0
fn=std::env::_var_os
1412 9 1 1 2 0 0 2 0 0
fn=std::env::args_os
1412 4 0 0 1 0 0 1 0 0
fn=std::io::Write::write_all
1412 4 0 0 2 0 0 2 0 0
fn=std::io::stdio::stderr
1412 2 0 0 0 0 0 1 0 0
fn=std::panicking::try::do_call
1412 1 0 0 1 0 0 0 0 0
fn=std::path::Path::to_path_buf
1412 4 1 1 1 0 0 1 0 0
fn=std::rt::lang_start_internal
1412 1 0 0 0 0 0 1 0 0
fn=std::sync::once::Once::call_once::{{closure}}
1412 23 0 0 12 0 0 11 0 0
fn=std::sys_common::thread_info::set
1412 14 2 2 4 0 0 3 0 0
fn=std::thread::local::fast::destroy_value
1412 1 1 1 0 0 0 1 1 0
fl=/rustc/a53f9df32fbb0b5f4382caaad8f1a46f36ea887c/src/libcore/iter/adapters/mod.rs
fn=std::env::args_os
0 1 0 0 0 0 0 0 0 0
fl=/rustc/a53f9df32fbb0b5f4382caaad8f1a46f36ea887c/src/libcore/iter/range.rs
fn=std::env::args_os
0 4 0 0 0 0 0 2 0 0
100 2 0 0 0 0 0 0 0 0
171 2 0 0 0 0 0 0 0 0
fn=std::sync::once::Once::call_once::{{closure}}
291 10 0 0 0 0 0 0 0 0
296 10 0 0 0 0 0 0 0 0
fl=/rustc/a53f9df32fbb0b5f4382caaad8f1a46f36ea887c/src/libcore/iter/traits/iterator.rs
fn=std::env::args_os
1684 3 1 1 0 0 0 3 0 0
fl=/rustc/a53f9df32fbb0b5f4382caaad8f1a46f36ea887c/src/libcore/mem.rs
fn=std::rt::lang_start_internal
447 20 2 2 0 0 0 15 3 1
fn=std::sys_common::thread_info::set
554 3 0 0 0 0 0 3 0 0
fl=/rustc/a53f9df32fbb0b5f4382caaad8f1a46f36ea887c/src/libcore/num/mod.rs
fn=<alloc::vec::Vec<T> as alloc::vec::SpecExtend<&T,core::slice::Iter<T>>>::spec_extend
3071 12 0 0 0 0 0 0 0 0
fn=alloc::fmt::format
0 1 0 0 0 0 0 0 0 0
3404 2 0 0 0 0 0 0 0 0
fn=std::env::args_os
3404 3 0 0 0 0 0 0 0 0
fn=std::path::Components::parse_next_component_back
3071 4 0 0 0 0 0 0 0 0
fn=std::sys_common::at_exit_imp::push
3349 2 1 1 0 0 0 0 0 0
3404 3 0 0 0 0 0 0 0 0
fl=/rustc/a53f9df32fbb0b5f4382caaad8f1a46f36ea887c/src/libcore/ops/arith.rs
fn=alloc::fmt::format
100 2 0 0 2 2 0 0 0 0
fn=std::sync::once::Once::call_once::{{closure}}
100 9 0 0 0 0 0 0 0 0
fl=/rustc/a53f9df32fbb0b5f4382caaad8f1a46f36ea887c/src/libcore/ops/function.rs
fn=core::ops::function::FnOnce::call_once{{vtable-shim}}
231 4 1 1 1 0 0 3 0 0
fl=/rustc/a53f9df32fbb0b5f4382caaad8f1a46f36ea887c/src/libcore/option.rs
fn=<alloc::vec::Vec<T> as alloc::vec::SpecExtend<&T,core::slice::Iter<T>>>::spec_extend
492 1 0 0 0 0 0 0 0 0
fn=<std::path::Components as core::iter::traits::double_ended::DoubleEndedIterator>::next_back
186 1 0 0 0 0 0 0 0 0
239 4 1 1 1 0 0 0 0 0
416 1 0 0 0 0 0 0 0 0
fn=std::ffi::c_str::CString::from_vec_unchecked
492 2 0 0 0 0 0 0 0 0
fn=std::io::stdio::stderr
313 2 0 0 0 0 0 0 0 0
fn=std::path::Components::parse_next_component_back
239 2 1 1 1 0 0 0 0 0
416 1 0 0 0 0 0 0 0 0
fn=std::path::Path::file_name
624 4 0 0 2 0 0 0 0 0
fn=std::sync::once::Once::call_once::{{closure}}
346 2 0 0 1 0 0 0 0 0
fn=std::sys_common::at_exit_imp::push
492 1 0 0 0 0 0 0 0 0
fn=std::sys_common::thread_info::set
186 2 0 0 1 0 0 0 0 0
fn=std::thread::Thread::new
346 2 1 1 0 0 0 0 0 0
416 2 0 0 0 0 0 0 0 0
fl=/rustc/a53f9df32fbb0b5f4382caaad8f1a46f36ea887c/src/libcore/ptr.rs
fn=<&mut W as core::fmt::Write>::write_str
1077 4 0 0 0 0 0 0 0 0
fn=<alloc::borrow::Cow<str> as core::ops::arith::AddAssign<&str>>::add_assign
195 12 3 1 0 0 0 0 0 0
fn=<alloc::vec::Vec<T> as alloc::vec::SpecExtend<&T,core::slice::Iter<T>>>::spec_extend
1703 4 0 0 0 0 0 0 0 0
fn=<std::env::ArgsOs as core::iter::traits::iterator::Iterator>::next
575 4 0 0 2 0 0 2 0 0
1077 1 0 0 0 0 0 0 0 0
fn=<std::io::stdio::Stderr as std::io::Write>::write_fmt
0 2 0 0 0 0 0 0 0 0
195 3 0 0 1 0 0 0 0 0
3013 1 0 0 1 0 0 0 0 0
fn=<std::sync::once::Finish as core::ops::drop::Drop>::drop
1591 1 0 0 0 0 0 0 0 0
fn=alloc::fmt::format
0 2 0 0 0 0 0 0 0 0
1077 13 1 1 0 0 0 0 0 0
fn=alloc::sync::Arc<T>::drop_slow
185 1 0 0 0 0 0 1 0 0
195 1 0 0 1 0 0 0 0 0
3013 2 0 0 2 0 0 0 0 0
3024 2 0 0 2 0 0 0 0 0
fn=core::ops::function::FnOnce::call_once{{vtable-shim}}
3013 1 0 0 1 0 0 0 0 0
fn=core::ptr::real_drop_in_place
195 11 1 1 5 1 0 3 0 0
fn=std::env::_var_os
195 1 0 0 1 0 0 0 0 0
965 1 0 0 0 0 0 0 0 0
1591 1 0 0 0 0 0 0 0 0
fn=std::env::args_os
734 3 1 1 0 0 0 3 0 0
1703 4 0 0 1 0 0 0 0 0
fn=std::ffi::c_str::CString::from_vec_unchecked
734 2 0 0 0 0 0 2 0 0
fn=std::io::Write::write_all
1077 4 0 0 0 0 0 0 0 0
fn=std::io::stdio::stderr
1591 4 0 0 0 0 0 0 0 0
fn=std::path::Components::parse_next_component_back
1077 6 0 0 0 0 0 0 0 0
fn=std::sync::once::Once::call_inner
195 1 1 1 1 1 0 1 0 0
fn=std::sync::once::Once::call_once::{{closure}}
1591 1 0 0 0 0 0 0 0 0
1703 2 0 0 0 0 0 0 0 0
fn=std::sys_common::at_exit_imp::push
734 3 0 0 0 0 0 2 0 0
1591 1 0 0 0 0 0 0 0 0
fn=std::sys_common::thread_info::set
195 6 1 1 1 0 0 0 0 0
fn=std::thread::Thread::new
1591 4 0 0 0 0 0 0 0 0
fn=std::thread::local::fast::destroy_value
0 1 0 0 0 0 0 0 0 0
195 2 0 0 1 1 0 0 0 0
3013 1 0 0 1 0 0 0 0 0
fl=/rustc/a53f9df32fbb0b5f4382caaad8f1a46f36ea887c/src/libcore/result.rs
fn=alloc::fmt::format
826 2 0 0 0 0 0 0 0 0
fn=std::env::_var
0 8 1 1 4 0 0 4 0 0
521 5 0 0 2 0 0 2 0 0
522 1 0 0 0 0 0 1 0 0
fn=std::env::_var_os
765 5 0 0 2 0 0 2 0 0
fn=std::env::args_os
521 1 0 0 0 0 0 0 0 0
fn=std::path::Path::to_str
0 1 0 0 1 0 0 0 0 0
338 3 0 0 2 0 0 0 0 0
fn=std::sys_common::at_exit_imp::push
521 1 0 0 0 0 0 0 0 0
fl=/rustc/a53f9df32fbb0b5f4382caaad8f1a46f36ea887c/src/libcore/slice/mod.rs
fn=<std::path::Components as core::iter::traits::double_ended::DoubleEndedIterator>::next_back
2745 1 0 0 0 0 0 0 0 0
fn=alloc::fmt::format
97 1 0 0 1 0 0 0 0 0
3086 9 0 0 0 0 0 0 0 0
fn=std::env::_var_os
2745 4 0 0 0 0 0 0 0 0
fn=std::env::args_os
2745 4 1 1 0 0 0 0 0 0
fn=std::io::Write::write_all
97 5 0 0 0 0 0 0 0 0
2743 6 0 0 0 0 0 0 0 0
fn=std::path::Components::parse_next_component_back
2743 4 1 1 0 0 0 0 0 0
3003 2 0 0 0 0 0 0 0 0
3190 1 1 1 0 0 0 0 0 0
3228 2 0 0 0 0 0 0 0 0
3229 1 0 0 0 0 0 0 0 0
3230 1 0 0 0 0 0 0 0 0
3231 1 0 0 0 0 0 0 0 0
3232 3 0 0 0 0 0 0 0 0
5222 6 1 1 0 0 0 0 0 0
fn=std::path::Path::file_name
97 1 0 0 0 0 0 0 0 0
fl=/rustc/a53f9df32fbb0b5f4382caaad8f1a46f36ea887c/src/libcore/str/mod.rs
fn=<alloc::borrow::Cow<str> as core::ops::arith::AddAssign<&str>>::add_assign
2081 10 0 0 0 0 0 0 0 0
fl=/rustc/a53f9df32fbb0b5f4382caaad8f1a46f36ea887c/src/libcore/sync/atomic.rs
fn=<std::io::stdio::Stderr as std::io::Write>::write_fmt
2124 1 1 1 1 0 0 0 0 0
fn=alloc::sync::Arc<T>::drop_slow
2162 2 1 1 4 0 0 0 0 0
fn=core::ops::function::FnOnce::call_once{{vtable-shim}}
2162 1 0 0 2 0 0 0 0 0
fn=std::io::stdio::stderr
2151 1 0 0 2 0 0 0 0 0
fn=std::sync::once::Once::call_inner
2125 4 0 0 1 0 0 0 0 0
2182 4 1 1 1 0 0 0 0 0
fn=std::sys::unix::rand::hashmap_random_keys
401 1 0 0 0 0 0 0 0 0
2124 1 0 0 1 1 1 0 0 0
fn=std::sys_common::cleanup
2123 1 0 0 1 1 1 0 0 0
fn=std::thread::local::fast::destroy_value
2162 1 0 0 2 1 0 0 0 0
fl=???
fn=(below main)
0 56 4 4 16 1 0 16 0 0
fn=<&T as core::fmt::Display>::fmt
0 540 4 2 324 15 0 0 0 0
fn=<&mut I as core::iter::traits::iterator::Iterator>::next
0 742 10 7 320 0 0 163 0 0
fn=<&mut W as core::fmt::Write>::write_str
0 624 1 1 312 0 0 208 0 0
fn=<T as clap::app::help::ArgWithOrder>::as_base
0 27 2 1 9 0 0 0 0 0
fn=<alloc::borrow::Cow<B> as core::fmt::Display>::fmt
0 9 2 2 4 0 0 0 0 0
fn=<alloc::collections::btree::map::BTreeMap<K,V> as core::ops::drop::Drop>::drop
0 385 20 15 130 2 0 72 0 0
fn=<alloc::collections::btree::map::Iter<K,V> as core::iter::traits::iterator::Iterator>::next
0 781 1 1 211 0 0 78 0 0
fn=<alloc::collections::btree::map::Values<K,V> as core::iter::traits::iterator::Iterator>::next
0 151 4 4 46 0 0 16 0 0
fn=<alloc::collections::vec_deque::Iter<T> as core::iter::traits::iterator::Iterator>::fold
0 56 6 6 22 0 0 19 0 0
fn=<alloc::collections::vec_deque::VecDeque<T> as core::ops::drop::Drop>::drop
0 36 4 4 9 0 0 5 0 0
fn=<alloc::string::String as core::fmt::Display>::fmt
0 20 3 2 12 1 0 0 0 0
fn=<alloc::vec::Vec<T> as alloc::vec::SpecExtend<T,I>>::from_iter
0 356 20 13 113 0 0 129 0 0
fn=<alloc::vec::Vec<T> as alloc::vec::SpecExtend<T,I>>::spec_extend
0 2953 12 12 33 0 0 2035 394 376
fn=<alloc::vec::Vec<T> as core::ops::drop::Drop>::drop
0 87 3 3 13 2 0 16 0 0
fn=<clap::app::App as core::convert::From<&yaml_rust::yaml::Yaml>>::from
0 725 63 63 217 4 0 161 0 0
fn=<clap::app::settings::AppSettings as core::str::FromStr>::from_str
0 265 9 9 40 3 3 34 0 0
fn=<clap::args::arg_builder::flag::FlagBuilder as clap::args::any_arg::AnyArg>::aliases
0 48 2 2 12 0 0 8 0 0
fn=<clap::args::arg_builder::flag::FlagBuilder as clap::args::any_arg::AnyArg>::env
0 12 0 0 4 0 0 4 0 0
fn=<clap::args::arg_builder::flag::FlagBuilder as clap::args::any_arg::AnyArg>::has_switch
0 18 0 0 9 0 0 0 0 0
fn=<clap::args::arg_builder::flag::FlagBuilder as clap::args::any_arg::AnyArg>::help
0 24 0 0 24 1 0 0 0 0
fn=<clap::args::arg_builder::flag::FlagBuilder as clap::args::any_arg::AnyArg>::is_set
0 56 1 1 28 0 0 0 0 0
fn=<clap::args::arg_builder::flag::FlagBuilder as clap::args::any_arg::AnyArg>::long
0 24 0 0 24 1 0 0 0 0
fn=<clap::args::arg_builder::flag::FlagBuilder as clap::args::any_arg::AnyArg>::longest_filter
0 12 1 1 8 1 0 0 0 0
fn=<clap::args::arg_builder::flag::FlagBuilder as clap::args::any_arg::AnyArg>::max_vals
0 16 1 1 8 0 0 0 0 0
fn=<clap::args::arg_builder::flag::FlagBuilder as clap::args::any_arg::AnyArg>::name
0 12 0 0 12 3 0 0 0 0
fn=<clap::args::arg_builder::flag::FlagBuilder as clap::args::any_arg::AnyArg>::short
0 16 1 1 16 1 0 0 0 0
fn=<clap::args::arg_builder::flag::FlagBuilder as clap::args::any_arg::AnyArg>::takes_value
0 16 0 0 8 0 0 0 0 0
fn=<clap::args::arg_builder::flag::FlagBuilder as clap::args::any_arg::DispOrder>::disp_ord
0 8 1 1 8 0 0 0 0 0
fn=<clap::args::arg_builder::flag::FlagBuilder as core::convert::From<clap::args::arg::Arg>>::from
0 146 7 7 50 0 0 74 0 0
fn=<clap::args::arg_builder::flag::FlagBuilder as core::fmt::Display>::fmt
0 224 4 3 32 0 0 80 0 0
fn=<clap::args::arg_builder::option::OptBuilder as clap::args::any_arg::AnyArg>::aliases
0 48 1 1 12 0 0 8 0 0
fn=<clap::args::arg_builder::option::OptBuilder as clap::args::any_arg::AnyArg>::default_val
0 12 2 1 12 3 0 0 0 0
fn=<clap::args::arg_builder::option::OptBuilder as clap::args::any_arg::AnyArg>::env
0 32 2 2 8 4 0 4 0 0
fn=<clap::args::arg_builder::option::OptBuilder as clap::args::any_arg::AnyArg>::has_switch
0 52 0 0 26 0 0 0 0 0
fn=<clap::args::arg_builder::option::OptBuilder as clap::args::any_arg::AnyArg>::help
0 24 0 0 24 1 0 0 0 0
fn=<clap::args::arg_builder::option::OptBuilder as clap::args::any_arg::AnyArg>::is_set
0 80 1 1 40 0 0 0 0 0
fn=<clap::args::arg_builder::option::OptBuilder as clap::args::any_arg::AnyArg>::long
0 24 0 0 24 2 0 0 0 0
fn=<clap::args::arg_builder::option::OptBuilder as clap::args::any_arg::AnyArg>::name
0 24 1 1 24 4 0 0 0 0
fn=<clap::args::arg_builder::option::OptBuilder as clap::args::any_arg::AnyArg>::num_vals
0 12 1 1 12 2 0 0 0 0
fn=<clap::args::arg_builder::option::OptBuilder as clap::args::any_arg::AnyArg>::possible_vals
0 12 0 0 12 0 0 0 0 0
fn=<clap::args::arg_builder::option::OptBuilder as clap::args::any_arg::AnyArg>::short
0 16 1 1 16 3 0 0 0 0
fn=<clap::args::arg_builder::option::OptBuilder as clap::args::any_arg::AnyArg>::val_names
0 20 1 1 8 3 0 0 0 0
fn=<clap::args::arg_builder::option::OptBuilder as clap::args::any_arg::DispOrder>::disp_ord
0 8 1 1 8 2 0 0 0 0
fn=<clap::args::arg_builder::option::OptBuilder as core::convert::From<clap::args::arg::Arg>>::from
0 572 15 15 216 0 0 308 0 0
fn=<clap::args::arg_builder::option::OptBuilder as core::fmt::Display>::fmt
0 696 11 10 120 6 0 264 0 0
fn=<clap::args::arg_builder::positional::PosBuilder as clap::args::any_arg::AnyArg>::aliases
0 3 0 0 1 0 0 1 0 0
fn=<clap::args::arg_builder::positional::PosBuilder as clap::args::any_arg::AnyArg>::default_val
0 3 0 0 3 1 0 0 0 0
fn=<clap::args::arg_builder::positional::PosBuilder as clap::args::any_arg::AnyArg>::env
0 8 2 1 2 1 0 1 0 0
fn=<clap::args::arg_builder::positional::PosBuilder as clap::args::any_arg::AnyArg>::has_switch
0 8 0 0 4 0 0 0 0 0
fn=<clap::args::arg_builder::positional::PosBuilder as clap::args::any_arg::AnyArg>::help
0 6 1 1 6 0 0 0 0 0
fn=<clap::args::arg_builder::positional::PosBuilder as clap::args::any_arg::AnyArg>::is_set
0 16 1 1 8 0 0 0 0 0
fn=<clap::args::arg_builder::positional::PosBuilder as clap::args::any_arg::AnyArg>::num_vals
0 3 1 1 3 0 0 0 0 0
fn=<clap::args::arg_builder::positional::PosBuilder as clap::args::any_arg::AnyArg>::possible_vals
0 3 0 0 3 0 0 0 0 0
fn=<clap::args::arg_builder::positional::PosBuilder as clap::args::any_arg::AnyArg>::short
0 2 0 0 1 0 0 0 0 0
fn=<clap::args::arg_builder::positional::PosBuilder as clap::args::any_arg::AnyArg>::takes_value
0 4 1 1 2 0 0 0 0 0
fn=<clap::args::arg_builder::positional::PosBuilder as clap::args::any_arg::AnyArg>::val_names
0 5 1 1 2 0 0 0 0 0
fn=<clap::args::arg_builder::positional::PosBuilder as core::fmt::Display>::fmt
0 156 6 6 42 0 0 54 0 0
fn=<clap::args::group::ArgGroup as core::convert::From<&alloc::collections::btree::map::BTreeMap<yaml_rust::yaml::Yaml,yaml_rust::yaml::Yaml>>>::from
0 289 24 24 94 2 1 109 0 0
fn=<core::iter::adapters::Map<I,F> as core::iter::traits::iterator::Iterator>::fold
0 13646 6 6 1081 12 1 75 0 0
fn=<core::iter::adapters::Map<I,F> as core::iter::traits::iterator::Iterator>::try_fold
0 934 33 28 259 2 0 141 1 1
fn=<core::iter::adapters::flatten::FlatMap<I,U,F> as core::iter::traits::iterator::Iterator>::next
0 51 6 6 17 0 0 10 1 1
fn=<core::str::Lines as core::iter::traits::iterator::Iterator>::next
0 540 6 6 218 0 0 108 0 0
fn=<core::str::pattern::StrSearcher as core::str::pattern::Searcher>::next_match
0 176 4 3 88 0 0 33 0 0
fn=<std::io::Write::write_fmt::Adaptor<T> as core::fmt::Write>::write_str
0 732 1 1 366 0 0 244 1 0
fn=<textwrap::splitting::HyphenSplitter as textwrap::splitting::WordSplitter>::split
0 474 14 12 104 0 0 92 0 0
fn=<yaml_rust::parser::Event as core::cmp::PartialEq>::eq
0 73 3 3 30 5 4 15 0 0
fn=<yaml_rust::parser::Event as core::cmp::PartialEq>::ne
0 965 3 2 400 3 3 237 0 0
fn=<yaml_rust::scanner::Scanner<T> as core::iter::traits::iterator::Iterator>::next
0 33180 15 15 12677 0 0 8694 10 1
fn=<yaml_rust::yaml::Yaml as core::cmp::Ord>::cmp
0 7680 29 5 2424 2 1 808 0 0
fn=<yaml_rust::yaml::Yaml as core::ops::index::Index<&str>>::index
0 3318 6 6 764 0 0 1026 0 0
fn=<yaml_rust::yaml::YamlLoader as yaml_rust::parser::MarkedEventReceiver>::on_event
0 6752 77 29 2618 1 1 1886 1 1
fn=???
0 1126 88 53 505 45 0 28 2 1
fn=_Exit
0 9 1 1 1 1 0 0 0 0
fn=_IO_cleanup
0 104 10 10 33 1 0 18 0 0
fn=_IO_default_finish
0 16 2 2 6 0 0 1 0 0
fn=_IO_doallocbuf
0 26 3 3 8 1 0 4 0 0
fn=_IO_file_close
0 3 1 1 1 0 0 0 0 0
fn=_IO_file_close_it@@GLIBC_2.2.5
0 55 6 6 10 0 0 16 0 0
fn=_IO_file_doallocate
0 51 4 4 12 1 0 7 0 0
fn=_IO_file_finish@@GLIBC_2.2.5
0 13 2 2 3 0 0 2 0 0
fn=_IO_file_fopen@@GLIBC_2.2.5
0 94 8 8 19 2 2 9 0 0
fn=_IO_file_open
0 34 4 4 6 0 0 7 0 0
fn=_IO_file_read
0 30 1 1 10 0 0 0 0 0
fn=_IO_file_stat
0 5 1 1 1 0 0 0 0 0
fn=_IO_file_underflow@@GLIBC_2.2.5
0 277 6 6 92 0 0 66 0 0
fn=_IO_flush_all_lockp
0 124 11 11 38 12 3 20 1 0
fn=_IO_link_in
0 110 10 10 41 3 1 19 0 0
fn=_IO_new_file_init_internal
0 9 2 2 3 0 0 4 0 0
fn=_IO_no_init
0 1345 4 4 290 0 0 476 2 2
fn=_IO_old_init
0 1510 3 3 174 1 1 930 2 2
fn=_IO_setb
0 1657 1 1 414 0 0 414 0 0
fn=_IO_sputbackc
0 4332 3 3 1596 0 0 684 1 0
fn=_IO_str_init_static_internal
0 2052 3 3 285 0 0 741 0 0
fn=_IO_switch_to_get_mode
0 125 3 3 40 0 0 35 0 0
fn=_IO_un_link
0 8 1 1 3 0 0 0 0 0
fn=_IO_unsave_markers
0 6 1 1 3 0 0 0 0 0
fn=_ZN4clap3app4help4Help10write_help17h285e4784c2204583E.llvm.5344882842703879842
0 277 36 34 88 4 0 75 3 0
fn=_ZN4clap3app4help4Help18_write_parser_help17h4895f5d0d57b5d71E.llvm.5344882842703879842
0 80 7 5 17 3 0 28 0 0
fn=_ZN4core3ptr18real_drop_in_place17h0e3f8182d705bbf4E.llvm.14249014284409149407
0 25 6 6 9 0 0 3 0 0
fn=_ZN4core3ptr18real_drop_in_place17h0e3f8182d705bbf4E.llvm.18083508355019415455
0 125 6 6 45 13 0 15 0 0
fn=_ZN4core3ptr18real_drop_in_place17h0f633e515cad848bE.llvm.704567206786478293
0 200 17 17 55 4 0 22 0 0
fn=_ZN4core3ptr18real_drop_in_place17h1f3ffbe4e945667bE.llvm.9026264238076631070
0 5614 2 2 2142 1 1 496 0 0
fn=_ZN4core3ptr18real_drop_in_place17h83f62a67f913823fE.llvm.1074203137927865816
0 76 4 4 28 0 0 4 0 0
fn=_ZN4core3ptr18real_drop_in_place17h83f62a67f913823fE.llvm.14249014284409149407
0 19 4 4 7 0 0 1 0 0
fn=_ZN4core3ptr18real_drop_in_place17h83f62a67f913823fE.llvm.18083508355019415455
0 177 3 3 65 20 0 10 0 0
fn=_ZN4core3ptr18real_drop_in_place17h83f62a67f913823fE.llvm.3692073925607038008
0 38 4 4 14 0 0 2 0 0
fn=__GI__IO_un_link.part.0
0 71 9 9 22 0 0 13 0 0
fn=__GI___close_nocancel
0 36 2 2 6 0 0 0 0 0
fn=__GI___tunables_init
0 33024 5 5 6411 48 48 6 1 1
fn=__GI_strstr
0 32 4 4 11 1 1 8 0 0
fn=____strtoul_l_internal
0 28420 12 12 3386 5 4 1254 1 0
fn=__bsd_signal.part.0
0 91 3 3 7 1 1 20 1 0
fn=__call_tls_dtors
0 27 3 2 13 2 0 5 0 0
fn=__close_nocancel
0 6 2 2 1 0 0 0 0 0
fn=__ctype_init
0 17 2 2 10 5 0 3 0 0
fn=__cxa_atexit
0 3 1 1 0 0 0 0 0 0
fn=__cxa_finalize
0 295 7 6 85 2 0 35 0 0
fn=__cxa_thread_atexit_impl
0 45 4 4 15 1 0 14 0 0
fn=__default_morecore
0 16 2 2 2 0 0 2 1 0
fn=__fopen_internal
0 43 4 4 7 0 0 11 1 1
fn=__init_misc
0 25 2 2 7 1 0 5 1 0
fn=__internal_atexit
0 41 4 4 10 1 1 9 1 0
fn=__isoc99_sscanf
0 2850 6 6 399 0 0 969 0 0
fn=__libc_csu_init
0 34 2 2 8 1 0 8 0 0
fn=__libc_pthread_init
0 380 2 2 106 7 0 56 8 8
fn=__libc_scratch_buffer_set_array_size
0 90 2 2 25 0 0 15 0 0
fn=__libc_sigaction
0 279 13 13 81 0 0 71 4 2
fn=__memchr_avx2
0 2277 16 12 270 15 15 0 0 0
fn=__memcmp_avx2_movbe
0 5345 27 5 1177 6 2 0 0 0
fn=__memcpy_avx_unaligned_erms
0 29734 28 12 6476 63 22 5134 337 276
fn=__memset_avx2_unaligned_erms
0 18 2 2 1 0 0 0 0 0
fn=__new_exitfn
0 32 4 4 8 2 0 5 0 0
fn=__open_nocancel
0 383 4 4 21 0 0 30 2 2
fn=__pthread_initialize_minimal
0 206 14 14 25 4 0 57 8 3
fn=__pthread_mutex_unlock_usercnt
0 510 9 3 148 2 0 22 0 0
fn=__pthread_tunables_init
0 14 2 2 4 0 0 2 0 0
fn=__rawmemchr_avx2
0 1640 5 5 243 0 0 0 0 0
fn=__read_nocancel
0 108 3 3 18 0 0 0 0 0
fn=__register_atfork
0 47 5 5 11 1 1 12 1 1
fn=__run_exit_handlers
0 105 9 9 25 5 0 15 0 0
fn=__rust_alloc
0 525 1 1 0 0 0 0 0 0
fn=__rust_dealloc
0 432 0 0 0 0 0 0 0 0
fn=__rust_realloc
0 297 1 1 0 0 0 0 0 0
fn=__sigjmp_save
0 9 1 1 2 0 0 2 0 0
fn=__sigsetjmp
0 297 5 5 65 1 0 116 3 3
fn=__strchr_avx2
0 26 3 3 3 0 0 0 0 0
fn=__strlen_avx2
0 56 4 4 7 1 0 0 0 0
fn=__strncmp_avx2
0 30 4 4 3 0 0 0 0 0
fn=__strrchr_avx2
0 45 7 7 3 1 0 0 0 0
fn=__strtoul_internal
0 456 1 1 228 0 0 0 0 0
fn=__tunable_get_val
0 545 6 3 112 21 0 28 0 0
fn=__underflow
0 174 5 5 55 1 0 11 0 0
fn=__unregister_atfork
0 135 5 5 40 2 0 0 0 0
fn=__vfscanf_internal
0 62851 48 48 17514 12 7 8013 7 0
fn=_dl_add_to_namespace_list
0 259 3 3 68 0 0 47 1 1
fn=_dl_add_to_slotinfo
0 42 2 2 16 4 0 10 0 0
fn=_dl_addr
0 59809 9 9 14354 1081 690 17 2 0
fn=_dl_addr_inside_object
0 56 3 3 13 8 0 0 0 0
fn=_dl_allocate_tls_init
0 131 6 6 38 4 0 19 1 1
fn=_dl_allocate_tls_storage
0 324 3 3 6 0 0 295 37 37
fn=_dl_cache_libcmp
0 3649 3 3 567 35 35 0 0 0
fn=_dl_catch_error
0 23 2 2 7 0 0 7 0 0
fn=_dl_catch_exception
0 396 3 3 84 0 0 156 4 4
fn=_dl_cet_check
0 2 1 1 0 0 0 0 0 0
fn=_dl_check_all_versions
0 111 2 2 19 0 0 11 0 0
fn=_dl_check_map_versions
0 6612 18 18 2265 60 49 633 39 38
fn=_dl_count_modids
0 6 1 1 3 0 0 0 0 0
fn=_dl_debug_initialize
0 72 5 3 22 1 0 4 0 0
fn=_dl_debug_state
0 4 2 1 2 0 0 0 0 0
fn=_dl_determine_tlsoffset
0 101 6 6 18 0 0 10 0 0
fn=_dl_discover_osversion
0 74 6 6 11 1 1 4 1 1
fn=_dl_dst_count
0 234 1 1 78 0 0 78 3 3
fn=_dl_find_dso_for_object
0 79 5 4 28 7 0 9 0 0
fn=_dl_fini
0 441 12 12 142 54 0 49 7 0
fn=_dl_get_tls_static_info
0 6 0 0 3 0 0 2 1 1
fn=_dl_important_hwcaps
0 588 22 22 80 0 0 83 6 6
fn=_dl_init
0 111 4 4 33 3 0 14 0 0
fn=_dl_init_paths
0 698 11 11 86 0 0 35 2 2
fn=_dl_load_cache_lookup
0 1229 17 17 214 35 35 125 1 1
fn=_dl_lookup_symbol_x
0 72445 12 12 16118 198 169 8166 8 1
fn=_dl_map_object
0 1935 22 22 411 0 0 280 7 7
fn=_dl_map_object_deps
0 2233 32 32 437 8 2 215 9 9
fn=_dl_map_object_from_fd
0 5579 51 51 1281 50 50 598 43 43
fn=_dl_name_match_p
0 17658 3 3 4410 14 0 2524 2 1
fn=_dl_new_object
0 1193 13 13 218 7 7 226 39 39
fn=_dl_next_ld_env_entry
0 511 2 2 178 0 0 2 0 0
fn=_dl_next_tls_modid
0 7 1 1 3 0 0 1 0 0
fn=_dl_process_pt_note
0 573 10 10 151 0 0 75 2 2
fn=_dl_protect_relro
0 147 2 2 42 0 0 14 0 0
fn=_dl_receive_error
0 17 1 1 5 0 0 7 0 0
fn=_dl_relocate_object
0 75673 51 51 18469 1610 1474 6921 667 628
fn=_dl_setup_hash
0 168 3 3 49 8 8 42 0 0
fn=_dl_sort_maps
0 1475 22 11 415 6 0 118 0 0
fn=_dl_start
0 1055 20 19 247 40 38 88 40 39
fn=_dl_sysdep_read_whole_file
0 43 3 3 6 0 0 9 0 0
fn=_dl_sysdep_start
0 703 32 31 171 21 19 79 7 7
fn=_dl_sysdep_start_cleanup
0 2 1 1 1 0 0 0 0 0
fn=_dl_unload_cache
0 11 2 2 3 1 0 2 0 0
fn=_dl_vdso_vsym
0 70 3 3 30 3 0 5 0 0
fn=_fxstat
0 77 4 4 7 0 0 0 0 0
fn=_init
0 106 7 7 16 4 0 17 4 4
fn=_int_free
0 29693 22 16 8612 13 0 5216 1 1
fn=_int_malloc
0 24909 75 45 3706 17 1 3859 130 119
fn=_int_realloc
0 16242 37 10 3350 5 0 2214 14 12
fn=_pthread_cleanup_pop_restore
0 610 4 2 244 0 0 61 0 0
fn=_pthread_cleanup_push_defer
0 1037 4 2 244 2 0 305 0 0
fn=_setjmp
0 3 1 1 0 0 0 0 0 0
fn=_start
0 12 1 1 2 1 0 3 0 0
fn=_xstat
0 109 1 1 8 0 0 7 0 0
fn=access
0 9 0 0 1 0 0 1 0 0
fn=alloc::borrow::Cow<B>::into_owned
0 37 3 3 11 0 0 11 0 0
fn=alloc::collections::btree::map::BTreeMap<K,V>::insert
0 4232 57 17 1410 2 0 1720 4 4
fn=alloc::collections::btree::map::BTreeMap<K,V>::iter
0 288 2 2 80 5 0 128 0 0
fn=alloc::collections::btree::map::BTreeMap<K,V>::values
0 54 6 6 15 1 1 24 1 0
fn=alloc::collections::btree::node::Handle<alloc::collections::btree::node::NodeRef<alloc::collections::btree::node::marker::Mut,K,V,alloc::collections::btree::node::marker::Leaf>,alloc::collections::btree::node::marker::Edge>::insert
0 3143 37 11 1055 0 0 942 8 5
fn=alloc::collections::btree::search::search_tree
0 8131 31 19 1881 1 1 1850 0 0
fn=alloc::raw_vec::RawVec<T,A>::reserve
0 1599 2 2 492 0 0 369 0 0
fn=alloc::slice::merge_sort
0 42 3 3 14 0 0 14 1 1
fn=alloc::str::<impl str>::replace
0 420 20 10 124 2 0 160 2 2
fn=alloc::str::join_generic_copy
0 544 16 9 127 2 1 173 0 0
fn=alloc::string::String::push
0 19115 10 7 6449 0 0 3727 0 0
fn=alloc::vec::Vec<T>::extend_from_slice
0 10889 7 4 3137 3 0 2460 1 0
fn=allocate_dtv
0 19 2 2 4 0 0 5 0 0
fn=atty::is
0 9 2 2 4 1 1 2 0 0
fn=bcmp
0 26 2 2 10 0 0 0 0 0
fn=brk
0 32 4 4 5 0 0 3 1 1
fn=call_init.part.0
0 346 4 4 119 23 0 56 0 0
fn=calloc
0 201 8 8 16 0 0 11 0 0
fn=check_match
0 20713 6 6 6892 443 228 2438 2 1
fn=check_stdfiles_vtables
0 12 2 2 7 3 0 0 0 0
fn=clap::app::App::from_yaml
0 6 1 1 3 0 0 2 0 0
fn=clap::app::App::get_matches
0 99 13 12 26 2 0 34 4 0
fn=clap::app::App::get_matches_from_safe_borrow
0 162 17 16 49 7 0 54 1 0
fn=clap::app::help::Help::write_all_args
0 413 48 47 104 8 0 102 2 0
fn=clap::app::help::Help::write_arg
0 7567 140 115 2283 17 0 1891 0 0
fn=clap::app::help::Help::write_args
0 31308 43 43 4306 371 0 374 2 0
fn=clap::app::help::Help::write_bin_name
0 94 10 10 32 1 0 27 0 0
fn=clap::app::help::wrap_help
0 304 11 6 68 0 0 100 0 0
fn=clap::app::meta::AppMeta::with_name
0 70 9 9 17 0 0 44 0 0
fn=clap::app::parser::Parser::add_arg
0 586 16 16 175 3 0 104 0 0
fn=clap::app::parser::Parser::add_arg_groups
0 133 2 2 56 0 0 49 0 0
fn=clap::app::parser::Parser::add_defaults
0 87 10 10 31 0 0 11 0 0
fn=clap::app::parser::Parser::add_env
0 72 10 10 19 0 0 8 0 0
fn=clap::app::parser::Parser::add_group
0 90 11 11 31 0 0 25 0 0
fn=clap::app::parser::Parser::add_reqs
0 119 2 2 56 0 0 42 0 0
fn=clap::app::parser::Parser::create_help_and_version
0 242 25 25 54 0 0 90 7 7
fn=clap::app::parser::Parser::derive_display_order
0 19 3 3 6 0 0 4 0 0
fn=clap::app::parser::Parser::get_matches_with
0 265 37 36 76 2 0 43 0 0
fn=clap::app::parser::Parser::groups_for_arg
0 142 7 7 36 0 0 30 0 0
fn=clap::app::parser::Parser::has_visible_subcommands
0 32 3 3 12 0 0 10 0 0
fn=clap::app::parser::Parser::propagate_globals
0 18 2 2 8 0 0 7 0 0
fn=clap::app::parser::Parser::propagate_settings
0 18 4 4 8 0 0 7 0 0
fn=clap::app::parser::Parser::remove_overrides
0 19 2 2 8 0 0 7 0 0
fn=clap::app::parser::Parser::with_name
0 117 13 13 40 1 0 64 0 0
fn=clap::app::settings::AppFlags::is_set
0 247 12 6 63 4 3 0 0 0
fn=clap::app::settings::AppFlags::set
0 10 1 1 6 2 2 0 0 0
fn=clap::app::usage::create_help_usage
0 607 69 69 146 1 0 96 0 0
fn=clap::app::usage::create_usage_no_title
0 29 3 3 8 0 0 7 0 0
fn=clap::app::usage::get_required_usage_from
0 265 40 40 56 0 0 86 6 6
fn=clap::app::validator::Validator::validate
0 129 15 14 55 4 0 42 4 0
fn=clap::args::arg::Arg::conflicts_with
0 98 4 4 23 1 1 28 0 0
fn=clap::args::arg::Arg::from_yaml
0 2596 48 48 413 15 1 485 0 0
fn=clap::args::arg::Arg::use_delimiter
0 72 4 4 20 1 0 18 0 0
fn=clap::args::arg::Arg::with_name
0 644 11 11 126 1 1 413 0 0
fn=clap::args::arg_builder::positional::PosBuilder::from_arg
0 118 12 12 43 1 0 62 0 0
fn=clap::args::arg_builder::positional::PosBuilder::name_no_brackets
0 37 6 5 12 0 0 11 0 0
fn=clap::args::arg_matcher::ArgMatcher::process_arg_overrides
0 18 2 2 7 0 0 7 1 0
fn=clap::args::group::ArgGroup::arg
0 213 6 6 62 0 0 63 0 0
fn=clap::args::settings::ArgFlags::is_set
0 1071 4 3 277 13 2 0 0 0
fn=clap::args::settings::ArgFlags::set
0 55 1 1 33 1 1 0 0 0
fn=clap::args::settings::ArgFlags::unset
0 10 1 1 6 1 1 0 0 0
fn=clap::fmt::Colorizer::new
0 84 7 7 24 0 0 18 0 0
fn=core::fmt::Write::write_char
0 91 2 2 21 0 0 28 0 0
fn=core::num::dec2flt::dec2flt
0 2917 7 7 1040 1 1 759 0 0
fn=core::ptr::real_drop_in_place
0 3088 42 42 1166 4 2 688 0 0
fn=core::slice::<impl [T]>::contains
0 25 4 4 7 0 0 7 0 0
fn=core::slice::<impl [T]>::copy_from_slice
0 2022 12 5 202 0 0 404 2 2
fn=core::str::SplitInternal<P>::next
0 272 7 4 116 1 0 68 0 0
fn=core::str::pattern::TwoWaySearcher::next
0 1943 12 6 418 0 0 356 2 2
fn=dl_cet_check
0 31 3 3 9 0 0 6 0 0
fn=dl_main
0 1437 77 77 371 55 27 159 19 19
fn=do_lookup_x
0 114297 18 18 37344 678 283 17106 7 4
fn=do_preload
0 28 3 3 7 0 0 8 0 0
fn=dso_name_valid_for_suid
0 11 1 1 4 0 0 1 0 0
fn=elision_init
0 37 3 3 6 0 0 8 0 0
fn=exit
0 6 1 1 0 0 0 1 0 0
fn=expand_dynamic_string_token
0 36 2 2 10 0 0 12 0 0
fn=fclose@@GLIBC_2.2.5
0 56 6 6 16 1 0 7 0 0
fn=fillin_rpath
0 152 12 12 27 0 0 43 0 0
fn=fopen@@GLIBC_2.2.5
0 3 1 1 0 0 0 0 0 0
fn=free
0 9207 5 4 2197 8 0 0 0 0
fn=get_common_indices.constprop.0
0 97 8 8 14 0 0 21 1 1
fn=getdelim
0 4619 10 10 1233 0 0 708 0 0
fn=getenv
0 377 4 4 125 39 0 8 0 0
fn=getpagesize
0 12 1 1 6 0 0 0 0 0
fn=getrlimit
0 20 1 1 2 0 0 0 0 0
fn=gettimeofday
0 134 3 3 8 1 0 8 0 0
fn=handle_intel.constprop.0
0 177 5 5 36 0 0 45 0 0
fn=handle_ld_preload
0 53 3 3 10 0 0 11 1 1
fn=index
0 636 7 7 87 9 9 0 0 0
fn=init_cacheinfo
0 246 15 15 20 1 0 21 3 3
fn=init_tls
0 93 5 5 21 4 1 14 1 1
fn=intel_check_word.isra.0
0 1298 9 9 111 6 6 24 0 0
fn=isatty
0 15 2 2 4 0 0 2 0 0
fn=lseek
0 48 1 1 8 0 0 0 0 0
fn=main
0 8 1 1 1 0 0 3 0 0
fn=malloc
0 26711 21 13 7075 21 0 3250 4 3
fn=malloc_consolidate
0 124 5 5 45 0 0 14 0 0
fn=malloc_hook_ini
0 12 2 2 3 2 1 3 0 0
fn=malloc_init_state
0 647 2 2 1 0 0 257 34 33
fn=map_doit
0 15 1 1 5 0 0 3 1 1
fn=memchr
0 20 1 1 6 0 0 0 0 0
fn=memcpy
0 943 7 5 273 3 2 197 24 24
fn=memcpy@@GLIBC_2.14
0 68 2 2 20 0 0 0 0 0
fn=memmove
0 51 2 2 15 1 0 0 0 0
fn=mempcpy
0 190 2 2 10 0 0 0 0 0
fn=memrchr
0 20 2 2 6 0 0 0 0 0
fn=memset
0 1269 9 6 43 2 0 550 126 126
fn=mmap
0 486 4 4 78 0 0 52 0 0
fn=mprotect
0 48 1 1 8 0 0 0 0 0
fn=munmap
0 12 3 3 2 0 0 0 0 0
fn=open_path
0 1097 15 15 368 1 1 160 4 4
fn=open_verify.constprop.0
0 1738 18 18 432 23 23 192 5 5
fn=openaux
0 198 1 1 88 0 0 33 0 0
fn=pthread_attr_destroy
0 15 0 0 5 1 0 1 0 0
fn=pthread_attr_getstack
0 9 1 1 3 0 0 2 0 0
fn=pthread_attr_init@@GLIBC_2.2.5
0 22 4 4 5 0 0 7 0 0
fn=pthread_cond_destroy@@GLIBC_2.3.2
0 31 4 3 7 1 0 1 0 0
fn=pthread_cond_init@@GLIBC_2.3.2
0 23 2 2 6 0 0 3 0 0
fn=pthread_condattr_destroy
0 11 0 0 4 0 0 0 0 0
fn=pthread_condattr_init
0 12 3 3 4 1 0 1 0 0
fn=pthread_condattr_setclock
0 11 1 1 2 0 0 1 0 0
fn=pthread_getaffinity_np@@GLIBC_2.3.4
0 20 2 2 2 0 0 1 0 0
fn=pthread_getattr_np
0 1550 14 14 372 6 0 142 2 0
fn=pthread_mutex_destroy
0 38 2 2 12 1 0 2 0 0
fn=pthread_mutex_init
0 110 7 3 26 0 0 18 1 0
fn=pthread_mutex_lock
0 792 23 7 241 15 4 26 0 0
fn=pthread_mutex_unlock
0 218 8 2 57 0 0 0 0 0
fn=pthread_mutexattr_destroy
0 6 0 0 2 0 0 0 0 0
fn=pthread_mutexattr_init
0 8 2 1 2 0 0 2 0 0
fn=pthread_mutexattr_settype
0 26 4 2 4 0 0 2 0 0
fn=pthread_self
0 3 1 1 2 0 0 0 0 0
fn=ptmalloc_init.part.0
0 79 8 8 11 4 1 18 2 0
fn=rawmemchr
0 10 2 2 3 0 0 0 0 0
fn=realloc
0 24935 30 9 4487 1 0 2396 3 2
fn=realloc_hook_ini
0 19 2 2 5 0 0 4 0 0
fn=rindex
0 20 1 1 6 0 0 0 0 0
fn=rot::main
0 48 7 5 12 2 0 18 2 1
fn=rtld_lock_default_lock_recursive
0 18 1 1 12 1 1 0 0 0
fn=rtld_lock_default_unlock_recursive
0 18 0 0 12 0 0 0 0 0
fn=sbrk
0 69 5 5 19 2 0 10 0 0
fn=sigaction
0 24 1 1 0 0 0 0 0 0
fn=sigaltstack
0 18 2 1 3 0 0 0 0 0
fn=signal
0 10 1 1 0 0 0 0 0 0
fn=std::io::Write::write_fmt
0 1856 6 5 512 1 0 576 0 0
fn=std::io::impls::<impl std::io::Write for alloc::vec::Vec<u8>>::flush
0 3 1 1 1 0 0 1 1 0
fn=std::io::impls::<impl std::io::Write for alloc::vec::Vec<u8>>::write_all
0 1460 1 1 292 0 0 438 0 0
fn=std::rt::lang_start::{{closure}}
0 2 1 1 1 1 0 2 0 0
fn=stpcpy
0 9 1 1 3 0 0 0 0 0
fn=stpncpy
0 9 2 2 3 0 0 0 0 0
fn=strcasecmp
0 6 2 2 3 0 0 0 0 0
fn=strcasecmp_l
0 6 1 1 3 0 0 0 0 0
fn=strcat
0 9 2 2 3 0 0 0 0 0
fn=strchrnul
0 10 1 1 3 0 0 0 0 0
fn=strcmp
0 77498 77 77 12952 299 146 0 0 0
fn=strcpy
0 18 1 1 6 1 0 0 0 0
fn=strcspn
0 227 4 4 103 1 1 34 4 4
fn=strdup
0 108 1 1 12 0 0 24 0 0
fn=strlen
0 935 7 7 148 5 5 0 0 0
fn=strncasecmp
0 6 1 1 3 0 0 0 0 0
fn=strncasecmp_l
0 6 2 2 3 0 0 0 0 0
fn=strncmp
0 9 2 2 3 0 0 0 0 0
fn=strncpy
0 9 2 2 3 0 0 0 0 0
fn=strnlen
0 20 2 2 6 0 0 0 0 0
fn=strpbrk
0 7 1 1 3 0 0 0 0 0
fn=strsep
0 1355 3 3 217 1 1 1 0 0
fn=strspn
0 7 1 1 3 0 0 0 0 0
fn=syscall
0 12 2 2 2 0 0 0 0 0
fn=sysconf
0 38 5 5 9 1 1 6 0 0
fn=sysmalloc
0 143 18 18 32 4 1 22 4 2
fn=tcache_init.part.0
0 107 4 4 9 1 0 76 8 8
fn=tcgetattr
0 23 4 4 5 1 0 2 2 1
fn=textwrap::Wrapper<S>::fill
0 10553 82 52 1740 8 7 1705 3 3
fn=textwrap::Wrapper<textwrap::splitting::HyphenSplitter>::new
0 36 2 1 4 0 0 24 0 0
fn=time
0 67 3 3 4 1 1 4 0 0
fn=uname
0 6 1 1 1 0 0 0 0 0
fn=unlink_chunk.isra.0
0 31 3 2 13 1 0 4 0 0
fn=vec_map::Entry<V>::or_insert
0 300 5 5 124 0 0 68 0 0
fn=vec_map::VecMap<V>::insert
0 200 20 20 90 6 6 87 0 0
fn=version_check_doit
0 11 2 1 4 0 0 2 0 0
fn=wcschr
0 20 1 1 6 0 0 0 0 0
fn=wcscmp
0 10 2 2 3 0 0 0 0 0
fn=wcslen
0 10 2 2 3 0 0 0 0 0
fn=wcsnlen
0 9 2 2 3 0 0 0 0 0
fn=wmemchr
0 20 2 2 6 0 0 0 0 0
fn=wmemset
0 34 2 2 6 0 0 0 0 0
fn=write
0 20 2 2 4 0 0 0 0 0
fn=yaml_rust::parser::Parser<T>::block_mapping_key
0 5397 84 20 1865 0 0 1830 0 0
fn=yaml_rust::parser::Parser<T>::block_sequence_entry
0 1890 71 19 659 0 0 646 0 0
fn=yaml_rust::parser::Parser<T>::document_start
0 155 17 13 49 0 0 53 0 0
fn=yaml_rust::parser::Parser<T>::load
0 207 22 22 61 3 1 57 0 0
fn=yaml_rust::parser::Parser<T>::load_mapping
0 4935 34 13 1837 0 0 1575 0 0
fn=yaml_rust::parser::Parser<T>::load_node
0 3345 24 10 1065 0 0 1047 0 0
fn=yaml_rust::parser::Parser<T>::new
0 68 7 7 18 2 0 35 5 0
fn=yaml_rust::parser::Parser<T>::parse
0 14071 131 37 5430 4 2 5096 4 0
fn=yaml_rust::parser::Parser<T>::parse_node
0 11604 66 19 3815 2 2 3837 0 0
fn=yaml_rust::parser::Parser<T>::parser_process_directives
0 45 5 5 15 0 0 15 0 0
fn=yaml_rust::parser::Parser<T>::peek
0 27856 9 9 10412 1 1 10574 5 0
fn=yaml_rust::scanner::Scanner<T>::fetch_next_token
0 28473 156 63 8082 8 8 3978 9 4
fn=yaml_rust::scanner::Scanner<T>::fetch_plain_scalar
0 73862 116 37 21360 5 5 8427 21 11
fn=yaml_rust::scanner::Scanner<T>::insert_token
0 7895 40 8 2723 0 0 2115 2 2
fn=yaml_rust::scanner::Scanner<T>::lookahead
0 78000 5 5 28000 20 20 15944 2 0
fn=yaml_rust::scanner::Scanner<T>::new
0 68 6 6 16 0 0 35 5 0
fn=yaml_rust::scanner::Scanner<T>::read_break
0 2562 30 5 924 0 0 378 0 0
fn=yaml_rust::scanner::Scanner<T>::roll_indent
0 2222 37 13 784 0 0 589 0 0
fn=yaml_rust::scanner::Scanner<T>::save_simple_key
0 4512 17 8 1740 0 0 1288 13 6
fn=yaml_rust::yaml::Yaml::as_bool
0 36 1 1 27 1 0 0 0 0
fn=yaml_rust::yaml::Yaml::as_hash
0 80 0 0 32 0 0 0 0 0
fn=yaml_rust::yaml::Yaml::as_i64
0 10 0 0 6 0 0 0 0 0
fn=yaml_rust::yaml::Yaml::as_str
0 435 1 1 326 13 1 0 0 0
fn=yaml_rust::yaml::Yaml::as_vec
0 45 1 1 18 0 0 0 0 0
fn=yaml_rust::yaml::Yaml::from_str
0 8022 25 13 1700 0 0 1741 0 0
fn=yaml_rust::yaml::YamlLoader::insert_new_node
0 6339 12 12 2161 0 0 1518 1 1
fn=yaml_rust::yaml::YamlLoader::load_from_str
0 94 9 8 28 1 0 31 2 0
summary: 1347900 4607 3429 353466 6050 3524 188423 2276 2003
